0x82029c020: Solved 16 cells in step 0
0x82029c020: Solved 11 cells in step 1
0x82029c020: Solved 5 cells in step 2
___________________________________________________________________________________________________________________
| 1           2           3           | 4           5           6           | 7           8           9           |
| 4           5           6           | 7           8           9           | 1           2           3           |
| 7           8           9           | 1           2           3           | 4           5           6           |
___________________________________________________________________________________________________________________
| 2           3           4           | 5           6           7           | 8           9           1           |
| 5           6           7           | 8           9           1           | 2           3           4           |
| 8           9           1           | 2           3           4           | 5           6           7           |
___________________________________________________________________________________________________________________
| [3 9]       4           5           | [3 6 9]     7           8           | [3 6 9]     1           2           |
| 6           7           8           | [3 9]       1           2           | [3 9]       4           5           |
| [3 9]       1           2           | [3 6 9]     4           5           | [3 6 9]     7           8           |
___________________________________________________________________________________________________________________


0x82029c020: Try 7-1 to 3 and continue
0x82029c020: Try 7-1 to 9 and continue
0x82029c020: Try 8-4 to 3 and continue
0x82029c020: Try 8-4 to 9 and continue
0x82029c020: Try 8-7 to 3 and continue
0x82029c020: Try 8-7 to 9 and continue
0x82029c020: Try 9-1 to 3 and continue
0x82029c020: Try 9-1 to 9 and continue
0x82029c020: Try 9-4 to 3 and continue
0x82029c020: Try 9-4 to 6 and continue
0x82029c020: Try 9-4 to 9 and continue
0x82029c020: Try 7-4 to 3 and continue
0x82029c020: Try 7-4 to 6 and continue
0x82029c020: Try 7-4 to 9 and continue
0x82029c020: Try 7-7 to 3 and continue
0x82029c020: Try 7-7 to 6 and continue
0x82029c020: Try 7-7 to 9 and continue
0x82029c020: Try 9-7 to 3 and continue
0x82029c020: Try 9-7 to 6 and continue
0x82029c020: Try 9-7 to 9 and continue
0x82029cf00: Solved 1 cells in step 3
___________________________________________________________________________________________________________________
| 1           2           3           | 4           5           6           | 7           8           9           |
| 4           5           6           | 7           8           9           | 1           2           3           |
| 7           8           9           | 1           2           3           | 4           5           6           |
___________________________________________________________________________________________________________________
| 2           3           4           | 5           6           7           | 8           9           1           |
| 5           6           7           | 8           9           1           | 2           3           4           |
| 8           9           1           | 2           3           4           | 5           6           7           |
___________________________________________________________________________________________________________________
| 9           4           5           | 0x82029d0a0: Solved 3 cells in step 3
[3 6]       7           8           | 0x82029ce80: Solved 1 cells in step 3
[3 6]       1           2           ___________________________________________________________________________________________________________________
| 0x82029d0a0: *************** Solved ************ %!s(<nil>)
___________________________________________________________________________________________________________________
| 1           |
1           | 6           7           2           3           | 2           8           4           5           6           | | 0x82029ce40: Solved 1 cells in step 3
[3 9]       3           7           1           8           | ___________________________________________________________________________________________________________________
9           | |
2           | ___________________________________________________________________________________________________________________
Got solution: 1 2 3 4 5 6 7 8 9
4 5 6 7 8 9 1 2 3
7 8 9 1 2 3 4 5 6
2 3 4 5 6 7 8 9 1
5 6 7 8 9 1 2 3 4
8 9 1 2 3 4 5 6 7
9 4 5 3 7 8 6 1 2
6 7 8 9 1 2 3 4 5
3 1 2 6 4 5 9 7 8

| 4           1           | 2           0x82029ce60: Solved 1 cells in step 3
0x82029cec0: Solved 1 cells in step 3
4           [3 9]       ___________________________________________________________________________________________________________________
| 5           3           5           1           | 6           4           1           2           0x82029cfe0: *************** Solved ************ %!s(<nil>)
___________________________________________________________________________________________________________________
4           5           | 6           7           | 2           6           8           3           9           3           | | | |
| 7           | 8           5           7           |
| 4           4           8           3           5           4           6           | 1           9           7           Got solution: 1 2 3 4 5 6 7 8 9
4 5 6 7 8 9 1 2 3
7 8 9 1 2 3 4 5 6
2 3 4 5 6 7 8 9 1
5 6 7 8 9 1 2 3 4
8 9 1 2 3 4 5 6 7
3 4 5 9 7 8 6 1 2
6 7 8 3 1 2 9 4 5
9 1 2 6 4 5 3 7 8

5           1           6           8           | 2           5           9           |
| 6           3           2           |
4           | 5           | 6           | 7           4           4           | | 0x82029d000: Solved 6 cells in step 3
5           9           6           | 5           8           7           | 7           1           0x82029d000: *************** Solved ************ %!s(<nil>)
8           8           [6 9]       4           9           5           6           9           |
| 9           2           | | [6 9]       3           | 4           1           5           6           |
2           | | 3           |
4           7           7           8           7           |
Got solution: 1 2 3 4 5 6 7 8 9
4 5 6 7 8 9 1 2 3
7 8 9 1 2 3 4 5 6
2 3 4 5 6 7 8 9 1
5 6 7 8 9 1 2 3 4
8 9 1 2 3 4 5 6 7
9 4 5 6 7 8 3 1 2
6 7 8 3 1 2 9 4 5
3 1 2 9 4 5 6 7 8

| 8           8           9           7           7           5           | | 9           6           1           8           | 9           | |
1           8           7           | 8           2           ___________________________________________________________________________________________________________________
3           1           ___________________________________________________________________________________________________________________
2           |
7           9           | 9           | 1           2           | 1           7           2           

2           8           8           3           3           3           3           |
| | 4           1           | 0x82029cf00: Try 7-4 to 3 and continue
5           2           9           | 9           1           7           3           | | 6           4           2           | 5           |
6           |
4           ___________________________________________________________________________________________________________________
|
8           ___________________________________________________________________________________________________________________
| 1           | 2           5           0x82029cf00: Try 7-4 to 6 and continue
7           | 3           6           9           3           | 0x82029cf00: Try 7-7 to 3 and continue
|
2           | 2           | 7           7           8           3           | 9           8           | 9           | 4           0x82029cf00: Try 7-7 to 6 and continue
4           1           8           2           1           0x82029cf00: Try 8-4 to 3 and continue
| 1           5           2           5           0x82029cf00: Try 8-4 to 9 and continue
9           3           |
0x82029cf00: Try 8-7 to 3 and continue
2           | 6           6           | 4           0x82029cf00: Try 8-7 to 9 and continue
5           3           |
3           7           | 0x82029cf00: Try 9-4 to 6 and continue
4           4           | 8           6           4           3           ___________________________________________________________________________________________________________________
9           5           | 0x82029cf00: Try 9-4 to 9 and continue
| 6           1           0x82029cf00: Try 9-7 to 6 and continue
5           |
| 5           0x82029cf00: Try 9-7 to 9 and continue
| 6           ___________________________________________________________________________________________________________________
2           |
6           7           | 4           3           8           5           7           6           |
| 2           |
___________________________________________________________________________________________________________________
| | 9           3           2           4           5           4           | | 8           1           3           6           2           3           5           4           |
___________________________________________________________________________________________________________________
| | 9           | 6           7           1           | 7           7           0x820238780: Solved 2 cells in step 4
5           8           | | 9           8           8           9           2           1           5           |
6           | | 9           | 7           5           6           | 2           8           7           1           3           1           3           |
4           | 9           0x820238780: *************** Solved ************ %!s(<nil>)
6           2           | 5           | 8           7           1           | 3           | |
5           | 6           4           9           4           7           1           6           |
8           | 5           9           | 6           7           Got solution: 1 2 3 4 5 6 7 8 9
4 5 6 7 8 9 1 2 3
7 8 9 1 2 3 4 5 6
2 3 4 5 6 7 8 9 1
5 6 7 8 9 1 2 3 4
8 9 1 2 3 4 5 6 7
9 4 5 3 7 8 6 1 2
6 7 8 9 1 2 3 4 5
3 1 2 6 4 5 9 7 8

|
5           | 5           1           6           8           6           9           7           7           | | 8           0x82029cee0: Solved 1 cells in step 3
|
8           8           | | 2           9           8           9           ___________________________________________________________________________________________________________________
9           1           1           | 3           9           |
4           | ___________________________________________________________________________________________________________________
2           | 3           1           |
1           1           5           | | 2           2           6           3           3           | | | 4           2           1           4           4           7           | 5           | 3           8           2           6           | | 2           5           3           5           6           3           6           | 7           | 4           4           8           4           |
8           7           9           7           |
1           9           |
9           | 1           |
8           2           | 1           |
8           | ___________________________________________________________________________________________________________________
9           8           | 3           | |
8           | | 9           [3 9]       4           9           1           1           4           | 9           4           | | 1           5           5           | 5           2           5           | 6           2           | 6           2           3           6           3           7           [6 9]       2           3           |
4           3           4           | 7           | 8           | 7           |
7           8           4           [3 6]       | | 5           1           4           8           | 8           9           5           1           9           9           1           | | 6           6           | 2           ___________________________________________________________________________________________________________________
| 2           1           3           2           4           |
7           3           4           | | 2           5           |
|
6           | 6           7           5           8           6           | | [3 9]       4           7           ___________________________________________________________________________________________________________________
3           | 8           7           |
|
7           9           |
|
9           5           1           4           ___________________________________________________________________________________________________________________
| ___________________________________________________________________________________________________________________
| 5           | 7           | ___________________________________________________________________________________________________________________
| 6           3           | 2           3           | 1           4           7           [3 9]       8           5           [3 9]       4           9           2           4           5           5           | | 8           | | 3           4           9           [3 9]       | | [6 9]       [3 9]       7           4           1           2           7           | 5           |
5           [3 6]       6           [3 6]       7           8           7           8           7           8           1           8           | | 2           | | | 3           [6 9]       6           [3 6 9]     7           1           |
| | [6 9]       1           4           1           [3 9]       2           5           2           [3 6]       2           8           | 1           |
[3 9]       | |
1           |
2           | 6           1           7           [6 9]       8           |
6           |
2           ___________________________________________________________________________________________________________________
| | 2           4           | |
5           9           [3 9]       ___________________________________________________________________________________________________________________
1           | | 2           4           2           | | 6           5           [3 9]       3           4           [3 6]       5           4           | | |
3           6           4           7           | 7           5           8           | |
7           |
8           | 6           | | [3 9]       ___________________________________________________________________________________________________________________
8           7           1           

| 8           [3 9]       | 5           [3 9]       6           2           7           [3 9]       | 1           | 0x82029ce80: Try 7-1 to 3 and continue
8           [3 9]       [3 9]       1           7           2           0x82029ce80: Try 7-1 to 9 and continue
1           2           9           1           |
0x82029ce80: Try 7-4 to 6 and continue
1           [3 6]       | 2           | 2           [3 9]       4           4           | 0x82029ce80: Try 7-4 to 9 and continue
5           | 5           | 5           [3 9]       8           6           0x82029ce80: Try 7-7 to 3 and continue
4           [3 9]       0x82029ce80: Try 7-7 to 6 and continue
| 4           | 5           0x82029ce80: Try 9-1 to 3 and continue
|
|
7           0x82029ce80: Try 9-1 to 9 and continue
[3 9]       | 6           | [6 9]       7           | [3 9]       5           4           | 8           5           0x82029ce80: Try 9-4 to 6 and continue
[3 6 9]     1           1           8           2           0x82029ce80: Try 9-4 to 9 and continue
2           |
9           9           |
| ___________________________________________________________________________________________________________________


| 7           1           1           0x82029ce80: Try 9-7 to 3 and continue
6           2           | | 3           |
0x82029ce80: Try 9-7 to 6 and continue
8           1           4           2           | 0x82029cec0: Try 7-1 to 3 and continue
2           [3 6]       6           |
3           ___________________________________________________________________________________________________________________
4           | 5           4           |
5           | 0x82029cec0: Try 7-1 to 9 and continue
8           [6 9]       9           | 7           8           | [3 6]       | 0x82029cec0: Try 7-4 to 3 and continue
4           [3 9]       0x82029cec0: Try 7-4 to 6 and continue
7           1           [3 9]       8           5           1           | | |
7           0x820330560: Solved 2 cells in step 4
2           0x82029cec0: Try 7-7 to 6 and continue


2           0x82029cec0: Try 7-7 to 9 and continue
| 8           0x82029cec0: Try 9-1 to 3 and continue
|
[6 9]       [3 9]       3           ___________________________________________________________________________________________________________________
4           

___________________________________________________________________________________________________________________
4           0x820330560: *************** Solved ************ %!s(<nil>)
5           | 0x82029cec0: Try 9-1 to 9 and continue
|


0x82029cec0: Try 9-4 to 3 and continue
| 5           7           8           6           7           |
___________________________________________________________________________________________________________________
| [3 9]       1           2           |
[3 9]       | 4           [3 6 9]     4           5           5           | ___________________________________________________________________________________________________________________
| 

[3 9]       [6 9]       7           7           8           | 8           |
___________________________________________________________________________________________________________________


0x82029d020: Try 7-1 to 3 and continue
0x82029cfc0: Try 7-1 to 3 and continue
0x82029d020: Try 7-1 to 9 and continue
[3 6]       0x82029d020: Try 7-4 to 3 and continue
0x82029d020: Try 7-4 to 9 and continue
0x82029cec0: Try 9-4 to 6 and continue
1           2           |
Got solution: 1 2 3 4 5 6 7 8 9
4 5 6 7 8 9 1 2 3
7 8 9 1 2 3 4 5 6
2 3 4 5 6 7 8 9 1
5 6 7 8 9 1 2 3 4
8 9 1 2 3 4 5 6 7
9 4 5 6 7 8 3 1 2
6 7 8 3 1 2 9 4 5
3 1 2 9 4 5 6 7 8

0x82029cfc0: Try 7-1 to 9 and continue
| 0x82029ce60: Try 7-4 to 3 and continue
0x82029d020: Try 8-4 to 3 and continue
0x82029cec0: Try 9-7 to 6 and continue
0x82029d020: Try 8-4 to 9 and continue
0x82029cec0: Try 9-7 to 9 and continue
0x82029ce40: Try 7-4 to 6 and continue
0x82029cf60: Try 7-1 to 3 and continue
0x82029cfc0: Try 7-7 to 3 and continue
0x82029ce60: Try 7-4 to 6 and continue
0x82029cfc0: Try 7-7 to 9 and continue
0x820330400: Solved 4 cells in step 4
0x82029d020: Try 8-7 to 3 and continue
6           0x82029cf60: Try 7-1 to 9 and continue
7           8           | 0x82029ce60: Try 7-7 to 3 and continue
0x82029cfc0: Try 8-4 to 3 and continue
0x82029ce40: Try 7-4 to 9 and continue
0x82029ce60: Try 7-7 to 6 and continue
0x82029cf60: Try 7-4 to 3 and continue
0x82029ce40: Try 7-7 to 6 and continue
3           0x82029d020: Try 8-7 to 9 and continue
1           0x820330400: *************** Solved ************ %!s(<nil>)
0x82029d020: Try 9-1 to 3 and continue
2           0x82029cf60: Try 7-4 to 9 and continue
0x82029ce60: Try 8-4 to 3 and continue
0x82029ce40: Try 7-7 to 9 and continue
0x82029cf60: Try 8-4 to 3 and continue
0x82029cfc0: Try 8-4 to 9 and continue
0x82029cf60: Try 8-4 to 9 and continue
0x82029ce60: Try 8-4 to 9 and continue
0x82029cf60: Try 8-7 to 3 and continue
0x82029ce40: Try 8-4 to 3 and continue
| 0x82029ce60: Try 8-7 to 3 and continue
0x82029cfc0: Try 8-7 to 3 and continue
0x82029ce40: Try 8-4 to 9 and continue
0x82029d020: Try 9-1 to 9 and continue
0x82029ce60: Try 8-7 to 9 and continue
9           0x82029cfc0: Try 8-7 to 9 and continue
4           0x82029ce60: Try 9-4 to 6 and continue
5           0x82029d020: Try 9-7 to 3 and continue
0x82029ce40: Try 8-7 to 3 and continue
0x82029cf60: Try 8-7 to 9 and continue
|
0x82029ce40: Try 8-7 to 9 and continue
0x8203b0580: Solved 3 cells in step 4
0x82029ce60: Try 9-4 to 9 and continue
0x82029cfc0: Try 9-1 to 3 and continue
0x82029cf60: Try 9-1 to 3 and continue
Got solution: 1 2 3 4 5 6 7 8 9
4 5 6 7 8 9 1 2 3
7 8 9 1 2 3 4 5 6
2 3 4 5 6 7 8 9 1
5 6 7 8 9 1 2 3 4
8 9 1 2 3 4 5 6 7
3 4 5 9 7 8 6 1 2
6 7 8 3 1 2 9 4 5
9 1 2 6 4 5 3 7 8

0x82029cfc0: Try 9-1 to 9 and continue
| 0x82029cf60: Try 9-1 to 9 and continue
0x82029ce40: Try 9-4 to 3 and continue
0x82029d020: Try 9-7 to 9 and continue
[3 9]       0x82029cfc0: Try 9-4 to 3 and continue
0x8203b0580: *************** Solved ************ %!s(<nil>)
0x82029ce40: Try 9-4 to 6 and continue
0x82029cfc0: Try 9-4 to 9 and continue
1           0x82029d020: Try 9-4 to 3 and continue
0x82029cf60: Try 9-7 to 3 and continue
0x82029d020: Try 9-4 to 6 and continue
0x82029ce60: Try 9-7 to 6 and continue
0x82029ce40: Try 9-7 to 3 and continue
0x82029ce60: Try 9-7 to 9 and continue
0x82029d020: Try 9-4 to 9 and continue
0x82029cf60: Try 9-7 to 9 and continue
2           | 0x82029ce40: Try 9-7 to 6 and continue
0x820330420: *************** Solved ************ %!s(<nil>)
[6 9]       4           0x82029cfc0: Try 9-7 to 3 and continue
0x82029cf60: Try 7-7 to 3 and continue
0x82029cfc0: Try 9-7 to 6 and continue
Got solution: 1 2 3 4 5 6 7 8 9
4 5 6 7 8 9 1 2 3
7 8 9 1 2 3 4 5 6
2 3 4 5 6 7 8 9 1
5 6 7 8 9 1 2 3 4
8 9 1 2 3 4 5 6 7
9 4 5 3 7 8 6 1 2
6 7 8 9 1 2 3 4 5
3 1 2 6 4 5 9 7 8

0x82029cfc0: Try 9-7 to 9 and continue
5           | 0x82029cf60: Try 7-7 to 6 and continue
0x820330440: Solved 3 cells in step 4
0x82029cf60: Try 7-7 to 9 and continue
0x82029d9c0: Cell 8-4 has zero candidates!!!0x820330440: *************** Solved ************ %!s(<nil>)
0x8203b8560: Solved 2 cells in step 4
0x82029d040: Solved 6 cells in step 3
Got solution: 1 2 3 4 5 6 7 8 9
4 5 6 7 8 9 1 2 3
7 8 9 1 2 3 4 5 6
2 3 4 5 6 7 8 9 1
5 6 7 8 9 1 2 3 4
8 9 1 2 3 4 5 6 7
9 4 5 6 7 8 3 1 2
6 7 8 3 1 2 9 4 5
3 1 2 9 4 5 6 7 8

0x82037e580: Solved 3 cells in step 4
0x8203b8560: *************** Solved ************ %!s(<nil>)
0x820330460: *************** Solved ************ %!s(<nil>)
0x82029d040: *************** Solved ************ %!s(<nil>)
0x82037e580: *************** Solved ************ %!s(<nil>)
0x82037e420: Solved 4 cells in step 4
[3 6]       0x82029d060: Solved 3 cells in step 3
0x82033c560: Cell 8-7 has zero candidates!!!0x820330480: *************** Solved ************ %!s(<nil>)
0x8203b8400: *************** Solved ************ %!s(<nil>)
Got solution: 1 2 3 4 5 6 7 8 9
4 5 6 7 8 9 1 2 3
7 8 9 1 2 3 4 5 6
2 3 4 5 6 7 8 9 1
5 6 7 8 9 1 2 3 4
8 9 1 2 3 4 5 6 7
9 4 5 6 7 8 3 1 2
6 7 8 3 1 2 9 4 5
3 1 2 9 4 5 6 7 8

0x82037e420: *************** Solved ************ %!s(<nil>)
7           8           |
___________________________________________________________________________________________________________________


0x820380560: Cell 7-4 has zero candidates!!!0x8203b8420: Solved 4 cells in step 4
0x8203304a0: Solved 3 cells in step 4
0x82029cf80: Solved 4 cells in step 3
0x82037e440: *************** Solved ************ %!s(<nil>)
0x82029d060: *************** Solved ************ %!s(<nil>)
0x8203b8420: *************** Solved ************ %!s(<nil>)
0x82029cf20: Solved 1 cells in step 3
0x8203304a0: *************** Solved ************ %!s(<nil>)
0x82029cf80: *************** Solved ************ %!s(<nil>)
___________________________________________________________________________________________________________________
| 1           0x82029cee0: Try 7-1 to 3 and continue
___________________________________________________________________________________________________________________
2           0x8203304c0: *************** Solved ************ %!s(<nil>)
| Got solution: 1 2 3 4 5 6 7 8 9
4 5 6 7 8 9 1 2 3
7 8 9 1 2 3 4 5 6
2 3 4 5 6 7 8 9 1
5 6 7 8 9 1 2 3 4
8 9 1 2 3 4 5 6 7
9 4 5 3 7 8 6 1 2
6 7 8 9 1 2 3 4 5
3 1 2 6 4 5 9 7 8

0x8203b8440: Solved 4 cells in step 4
3           0x82029cee0: Try 7-1 to 9 and continue
0x82029cfa0: *************** Solved ************ %!s(<nil>)
0x8203304e0: Solved 4 cells in step 4
| 0x82037e460: *************** Solved ************ %!s(<nil>)
0x8203b8440: *************** Solved ************ %!s(<nil>)
4           0x82029cee0: Try 7-4 to 6 and continue
5           0x82033c3a0: Solved 5 cells in step 3
0x82037e480: Solved 4 cells in step 4
1           2           6           0x8203304e0: *************** Solved ************ %!s(<nil>)
| 3           Got solution: 1 2 3 4 5 6 7 8 9
4 5 6 7 8 9 1 2 3
7 8 9 1 2 3 4 5 6
2 3 4 5 6 7 8 9 1
5 6 7 8 9 1 2 3 4
8 9 1 2 3 4 5 6 7
3 4 5 9 7 8 6 1 2
6 7 8 3 1 2 9 4 5
9 1 2 6 4 5 3 7 8

| 7           4           8           5           6           | 7           8           9           |
| 4           9           |
| 4           5           5           6           | 7           8           9           | 6           | 7           8           9           1           2           3           |
| 1           2           3           |
| | 7           8           9           | 1           2           3           | 7           8           9           4           | 5           0x82037e480: *************** Solved ************ %!s(<nil>)
1           0x820330500: Solved 2 cells in step 4
0x82029cee0: Try 7-4 to 9 and continue
6           |
___________________________________________________________________________________________________________________
| 2           0x8203b8460: *************** Solved ************ %!s(<nil>)
3           0x82029cee0: Try 7-7 to 3 and continue
2           3           | 0x82037e4a0: Solved 3 cells in step 4
4           5           6           |
0x820330500: *************** Solved ************ %!s(<nil>)
4           0x82029cee0: Try 7-7 to 6 and continue
Got solution: 1 2 3 4 5 6 7 8 9
4 5 6 7 8 9 1 2 3
7 8 9 1 2 3 4 5 6
2 3 4 5 6 7 8 9 1
5 6 7 8 9 1 2 3 4
8 9 1 2 3 4 5 6 7
3 4 5 6 7 8 9 1 2
6 7 8 9 1 2 3 4 5
9 1 2 3 4 5 6 7 8

| 0x82033c3a0: *************** Solved ************ %!s(<nil>)
0x82029cee0: Try 9-1 to 3 and continue
0x82037e4a0: *************** Solved ************ %!s(<nil>)
5           6           7           0x820330520: Solved 4 cells in step 4
0x82033c3c0: Solved 5 cells in step 3
| 0x8203b8480: *************** Solved ************ %!s(<nil>)
___________________________________________________________________________________________________________________
| 2           3           4           0x82029cee0: Try 9-1 to 9 and continue
0x8203b84a0: Solved 3 cells in step 4
| 0x82037e4c0: *************** Solved ************ %!s(<nil>)
5           8           6           0x820330520: *************** Solved ************ %!s(<nil>)
0x82037e4e0: Solved 2 cells in step 4
Got solution: 1 2 3 4 5 6 7 8 9
4 5 6 7 8 9 1 2 3
7 8 9 1 2 3 4 5 6
2 3 4 5 6 7 8 9 1
5 6 7 8 9 1 2 3 4
8 9 1 2 3 4 5 6 7
3 4 5 6 7 8 9 1 2
6 7 8 9 1 2 3 4 5
9 1 2 3 4 5 6 7 8

0x8203b84a0: *************** Solved ************ %!s(<nil>)
9           1           0x82029cee0: Try 9-4 to 6 and continue
0x82033c3c0: *************** Solved ************ %!s(<nil>)
0x82029cee0: Try 9-4 to 9 and continue
7           0x82037e4e0: *************** Solved ************ %!s(<nil>)
|
0x820330540: Solved 3 cells in step 4
0x82029cee0: Try 9-7 to 3 and continue
| | 0x82029cee0: Try 9-7 to 6 and continue
8           9           1           |
| 5           0x82033c3e0: Solved 5 cells in step 3
0x820330540: *************** Solved ************ %!s(<nil>)
5           6           0x8203b84c0: Solved 4 cells in step 4
0x82037e500: Solved 4 cells in step 4
Got solution: 1 2 3 4 5 6 7 8 9
4 5 6 7 8 9 1 2 3
7 8 9 1 2 3 4 5 6
2 3 4 5 6 7 8 9 1
5 6 7 8 9 1 2 3 4
8 9 1 2 3 4 5 6 7
9 4 5 6 7 8 3 1 2
6 7 8 3 1 2 9 4 5
3 1 2 9 4 5 6 7 8

0x82033c3e0: *************** Solved ************ %!s(<nil>)
0x8203b84c0: *************** Solved ************ %!s(<nil>)
0x82037e500: *************** Solved ************ %!s(<nil>)
7           0x82033c400: Solved 5 cells in step 3
| 8           9           1           0x82037e520: Solved 3 cells in step 4
0x8203b8500: *************** Solved ************ %!s(<nil>)
0x8203b8520: Solved 3 cells in step 4
6           7           | Got solution: 1 2 3 4 5 6 7 8 9
4 5 6 7 8 9 1 2 3
7 8 9 1 2 3 4 5 6
2 3 4 5 6 7 8 9 1
5 6 7 8 9 1 2 3 4
8 9 1 2 3 4 5 6 7
9 4 5 3 7 8 6 1 2
6 7 8 9 1 2 3 4 5
3 1 2 6 4 5 9 7 8

0x82033c400: *************** Solved ************ %!s(<nil>)
0x8203b8520: *************** Solved ************ %!s(<nil>)
0x8203b84e0: Solved 2 cells in step 4
0x82037e520: *************** Solved ************ %!s(<nil>)
0x820238e20: Solved 2 cells in step 4
0x8203b8540: Solved 3 cells in step 4
0x82033c420: Solved 2 cells in step 3
0x8203b84e0: *************** Solved ************ %!s(<nil>)
8           9           0x820238e20: *************** Solved ************ %!s(<nil>)
0x82033c420: Solved 3 cells in step 4
1           0x82037e540: *************** Solved ************ %!s(<nil>)
0x8203b8540: *************** Solved ************ %!s(<nil>)
0x82029d8c0: Solved 2 cells in step 3
| 2           3           4           0x82029d8c0: Solved 3 cells in step 4
| 0x82037e560: Solved 2 cells in step 4
0x82033c4c0: Solved 5 cells in step 3
2           Got solution: 1 2 3 4 5 6 7 8 9
4 5 6 7 8 9 1 2 3
7 8 9 1 2 3 4 5 6
2 3 4 5 6 7 8 9 1
5 6 7 8 9 1 2 3 4
8 9 1 2 3 4 5 6 7
3 4 5 6 7 8 9 1 2
6 7 8 9 1 2 3 4 5
9 1 2 3 4 5 6 7 8

0x82033c420: *************** Solved ************ %!s(<nil>)
3           4           |
| 0x820238620: *************** Solved ************ %!s(<nil>)
0x82033c4c0: *************** Solved ************ %!s(<nil>)
0x82037e560: *************** Solved ************ %!s(<nil>)
|
0x82033c4e0: Solved 4 cells in step 3
0x82029d8c0: *************** Solved ************ %!s(<nil>)
8           0x820238640: Solved 4 cells in step 4
| 8           9           1           0x82033c520: Cell 8-7 has zero candidates!!!9           1           | 0x82033c4e0: *************** Solved ************ %!s(<nil>)
0x82033c440: Solved 2 cells in step 3
Got solution: 1 2 3 4 5 6 7 8 9
4 5 6 7 8 9 1 2 3
7 8 9 1 2 3 4 5 6
2 3 4 5 6 7 8 9 1
5 6 7 8 9 1 2 3 4
8 9 1 2 3 4 5 6 7
3 4 5 9 7 8 6 1 2
6 7 8 3 1 2 9 4 5
9 1 2 6 4 5 3 7 8

| 2           0x820238640: *************** Solved ************ %!s(<nil>)
0x82029d800: *************** Solved ************ %!s(<nil>)
3           0x82033c500: Solved 4 cells in step 3
___________________________________________________________________________________________________________________
| 2           0x820238660: Solved 4 cells in step 4
3           4           | 5           6           7           |
___________________________________________________________________________________________________________________
| 3           1           0x82033c500: *************** Solved ************ %!s(<nil>)
4           2           0x82033c440: Solved 3 cells in step 4
0x820238660: *************** Solved ************ %!s(<nil>)
5           Got solution: 1 2 3 4 5 6 7 8 9
4 5 6 7 8 9 1 2 3
7 8 9 1 2 3 4 5 6
2 3 4 5 6 7 8 9 1
5 6 7 8 9 1 2 3 4
8 9 1 2 3 4 5 6 7
3 4 5 9 7 8 6 1 2
6 7 8 3 1 2 9 4 5
9 1 2 6 4 5 3 7 8

0x82029d820: *************** Solved ************ %!s(<nil>)
0x82029d940: Solved 3 cells in step 3
| 0x82033c440: *************** Solved ************ %!s(<nil>)
3           4           | 5           6           [6 9]       7           8           | 0x82033c460: Solved 4 cells in step 3
| 0x82029d940: *************** Solved ************ %!s(<nil>)
4           0x82029d840: *************** Solved ************ %!s(<nil>)
0x820238680: *************** Solved ************ %!s(<nil>)
7           |
___________________________________________________________________________________________________________________
[6 9]       1           0x82029d8e0: Solved 2 cells in step 3
2           | |
| 5           0x82033c460: *************** Solved ************ %!s(<nil>)
6           7           6           | 7           Got solution: 1 2 3 4 5 6 7 8 9
4 5 6 7 8 9 1 2 3
7 8 9 1 2 3 4 5 6
2 3 4 5 6 7 8 9 1
5 6 7 8 9 1 2 3 4
8 9 1 2 3 4 5 6 7
9 4 5 6 7 8 3 1 2
6 7 8 3 1 2 9 4 5
3 1 2 9 4 5 6 7 8

8           0x82029d8e0: Solved 3 cells in step 4
9           |
| [3 9]       0x82029d860: *************** Solved ************ %!s(<nil>)
4           8           0x82033c480: Solved 4 cells in step 3
| 0x82029d880: Solved 4 cells in step 3
0x82029d8e0: *************** Solved ************ %!s(<nil>)
[3 9]       0x8202386a0: *************** Solved ************ %!s(<nil>)
4           0x82033c480: *************** Solved ************ %!s(<nil>)
1           2           | 0x82029d880: *************** Solved ************ %!s(<nil>)
0x8202386c0: Solved 3 cells in step 4
[3 9]       5           4           6           0x82033c4a0: Solved 5 cells in step 3
5           |
| 0x82029d8a0: Solved 4 cells in step 3
9           0x8202386c0: *************** Solved ************ %!s(<nil>)
1           5           | Got solution: 1 2 3 4 5 6 7 8 9
4 5 6 7 8 9 1 2 3
7 8 9 1 2 3 4 5 6
2 3 4 5 6 7 8 9 1
5 6 7 8 9 1 2 3 4
8 9 1 2 3 4 5 6 7
3 4 5 9 7 8 6 1 2
6 7 8 3 1 2 9 4 5
9 1 2 6 4 5 3 7 8

2           | 0x8202386e0: Solved 4 cells in step 4
7           0x82029d900: *************** Solved ************ %!s(<nil>)
0x82029d8a0: *************** Solved ************ %!s(<nil>)
[3 6]       0x82033c4a0: *************** Solved ************ %!s(<nil>)
4           5           | 0x8202386e0: *************** Solved ************ %!s(<nil>)
0x82029d980: Cell 8-4 has zero candidates!!!8           9           | 1           2           | 0x820380460: Solved 2 cells in step 3
0x82029d960: Solved 3 cells in step 3
[3 6 9]     7           0x820380460: Solved 3 cells in step 4
Got solution: 1 2 3 4 5 6 7 8 9
4 5 6 7 8 9 1 2 3
7 8 9 1 2 3 4 5 6
2 3 4 5 6 7 8 9 1
5 6 7 8 9 1 2 3 4
8 9 1 2 3 4 5 6 7
9 4 5 6 7 8 3 1 2
6 7 8 3 1 2 9 4 5
3 1 2 9 4 5 6 7 8

0x82029d920: *************** Solved ************ %!s(<nil>)
8           3           [3 6]       | 7           8           0x82029d960: *************** Solved ************ %!s(<nil>)
0x820380460: *************** Solved ************ %!s(<nil>)
|
0x8203804e0: Solved 2 cells in step 3
0x820380520: Cell 7-4 has zero candidates!!!|
[3 9]       ___________________________________________________________________________________________________________________


0x820238700: Solved 2 cells in step 4
0x820380500: Solved 2 cells in step 3
0x82029cf20: Try 7-4 to 6 and continue
0x82029cf40: Solved 4 cells in step 3
1           2           | 0x82029cf20: Try 7-4 to 9 and continue
Got solution: 1 2 3 4 5 6 7 8 9
4 5 6 7 8 9 1 2 3
7 8 9 1 2 3 4 5 6
2 3 4 5 6 7 8 9 1
5 6 7 8 9 1 2 3 4
8 9 1 2 3 4 5 6 7
9 4 5 6 7 8 3 1 2
6 7 8 3 1 2 9 4 5
3 1 2 9 4 5 6 7 8

0x82029cf20: Try 7-7 to 6 and continue
7           8           9           |
| 0x82029cf20: Try 7-7 to 9 and continue
0x8203804e0: *************** Solved ************ %!s(<nil>)
| 1           2           3           0x820238700: *************** Solved ************ %!s(<nil>)
0x82029cf20: Try 8-4 to 3 and continue
6           0x82029cf40: *************** Solved ************ %!s(<nil>)
0x820380480: Solved 2 cells in step 3
7           8           | 0x82029cf20: Try 8-4 to 9 and continue
| [3 9]       0x82029cf20: Try 8-7 to 3 and continue
1           0x820380480: Solved 3 cells in step 4
4           5           0x82029cf20: Try 8-7 to 9 and continue
0x820380500: *************** Solved ************ %!s(<nil>)
Got solution: 1 2 3 4 5 6 7 8 9
4 5 6 7 8 9 1 2 3
7 8 9 1 2 3 4 5 6
2 3 4 5 6 7 8 9 1
5 6 7 8 9 1 2 3 4
8 9 1 2 3 4 5 6 7
9 4 5 3 7 8 6 1 2
6 7 8 9 1 2 3 4 5
3 1 2 6 4 5 9 7 8

6           0x82029cf20: Try 9-4 to 3 and continue
0x8203803a0: *************** Solved ************ %!s(<nil>)
0x82029cf20: Try 9-4 to 6 and continue
0x820380480: *************** Solved ************ %!s(<nil>)
0x82029cf20: Try 9-7 to 3 and continue
0x82029cf20: Try 9-7 to 6 and continue
2           0x820238720: *************** Solved ************ %!s(<nil>)
| |
___________________________________________________________________________________________________________________
| 2           3           4           | 5           6           7           | 8           9           1           |
| 5           6           7           | 8           9           1           | 2           3           4           |
| 8           9           1           | 2           3           4           | 5           6           7           |
___________________________________________________________________________________________________________________
| [3 9]       4           5           | 6           7           8           | 0x820380a40: *************** Solved ************ %!s(<nil>)
[3 9]       1           2           |
| 6           7           8           | [3 9]       1           2           | [3 9]       4           5           |
| [3 9]       1           2           | [3 9]       4           5           | 6           7           ___________________________________________________________________________________________________________________
| 8           |
0x820238740: Solved 3 cells in step 4
0x8203803c0: *************** Solved ************ %!s(<nil>)
[3 9]       4           5           |
| 0x820238740: *************** Solved ************ %!s(<nil>)
___________________________________________________________________________________________________________________
1           

[3 9]       0x8203804a0: *************** Solved ************ %!s(<nil>)
0x820238760: Solved 3 cells in step 4
0x8203803e0: *************** Solved ************ %!s(<nil>)
2           1           Got solution: 1 2 3 4 5 6 7 8 9
4 5 6 7 8 9 1 2 3
7 8 9 1 2 3 4 5 6
2 3 4 5 6 7 8 9 1
5 6 7 8 9 1 2 3 4
8 9 1 2 3 4 5 6 7
3 4 5 9 7 8 6 1 2
6 7 8 3 1 2 9 4 5
9 1 2 6 4 5 3 7 8

2           0x82033c540: Try 7-1 to 3 and continue
0x820380b60: Solved 3 cells in step 4
0x82033c540: Try 7-1 to 9 and continue
0x82033c540: Try 7-7 to 3 and continue
0x820238760: *************** Solved ************ %!s(<nil>)
0x8203804c0: *************** Solved ************ %!s(<nil>)
3           | 4           5           6           | 0x82033c540: Try 7-7 to 9 and continue
7           | 0x820380400: *************** Solved ************ %!s(<nil>)
0x820380ac0: Solved 2 cells in step 4
0x820238cc0: Solved 4 cells in step 4
0x820380b60: *************** Solved ************ %!s(<nil>)
[3 9]       4           0x82033c540: Try 8-4 to 3 and continue
0x820380ac0: *************** Solved ************ %!s(<nil>)
Got solution: 1 2 3 4 5 6 7 8 9
4 5 6 7 8 9 1 2 3
7 8 9 1 2 3 4 5 6
2 3 4 5 6 7 8 9 1
5 6 7 8 9 1 2 3 4
8 9 1 2 3 4 5 6 7
9 4 5 6 7 8 3 1 2
6 7 8 3 1 2 9 4 5
3 1 2 9 4 5 6 7 8

0x820238cc0: *************** Solved ************ %!s(<nil>)
0x82033c540: Try 8-4 to 9 and continue
0x820380ae0: Solved 4 cells in step 4
0x82033c540: Try 8-7 to 3 and continue
8           0x820380a60: Solved 4 cells in step 4
5           9           |
0x820380420: Solved 3 cells in step 3
| 6           | 0x820380a60: *************** Solved ************ %!s(<nil>)
0x820238ce0: *************** Solved ************ %!s(<nil>)
7           8           |
___________________________________________________________________________________________________________________


0x82033c540: Try 8-7 to 9 and continue
0x820238d00: Solved 3 cells in step 4
0x820380420: *************** Solved ************ %!s(<nil>)
4           0x82033c540: Try 9-1 to 3 and continue
Got solution: 1 2 3 4 5 6 7 8 9
4 5 6 7 8 9 1 2 3
7 8 9 1 2 3 4 5 6
2 3 4 5 6 7 8 9 1
5 6 7 8 9 1 2 3 4
8 9 1 2 3 4 5 6 7
3 4 5 9 7 8 6 1 2
6 7 8 3 1 2 9 4 5
9 1 2 6 4 5 3 7 8

0x82033c540: Try 9-1 to 9 and continue
0x820380a80: Solved 3 cells in step 4
0x82033c540: Try 9-4 to 3 and continue
5           0x820380ae0: *************** Solved ************ %!s(<nil>)
0x82033c540: Try 9-4 to 9 and continue
0x820238d00: *************** Solved ************ %!s(<nil>)
0x82029d080: Try 7-1 to 3 and continue
6           0x820380a80: *************** Solved ************ %!s(<nil>)
0x820380440: Solved 3 cells in step 3
0x82029d080: Try 7-1 to 9 and continue
0x820380b00: Solved 3 cells in step 4
0x82029d080: Try 7-7 to 3 and continue
0x82029d080: Try 7-7 to 9 and continue
0x82029d080: Try 8-4 to 3 and continue
0x82029d080: Try 8-4 to 9 and continue
0x820380440: *************** Solved ************ %!s(<nil>)
0x82029d080: Try 8-7 to 3 and continue
0x820380b00: *************** Solved ************ %!s(<nil>)
0x82029d080: Try 8-7 to 9 and continue
| 0x820380aa0: *************** Solved ************ %!s(<nil>)
7           Got solution: 1 2 3 4 5 6 7 8 9
4 5 6 7 8 9 1 2 3
7 8 9 1 2 3 4 5 6
2 3 4 5 6 7 8 9 1
5 6 7 8 9 1 2 3 4
8 9 1 2 3 4 5 6 7
3 4 5 6 7 8 9 1 2
6 7 8 9 1 2 3 4 5
9 1 2 3 4 5 6 7 8

0x82029d080: Try 9-1 to 3 and continue
8           0x820238d20: *************** Solved ************ %!s(<nil>)
0x82029d080: Try 9-1 to 9 and continue
0x82029d080: Try 9-4 to 3 and continue
9           | 0x820238da0: Solved 4 cells in step 4
0x82029d080: Try 9-4 to 9 and continue
1           0x820380b40: Solved 2 cells in step 4
0x82029d080: Try 7-4 to 3 and continue
2           0x820380b20: *************** Solved ************ %!s(<nil>)
0x82029d080: Try 7-4 to 6 and continue
0x82033d2a0: Solved 3 cells in step 3
0x82029d080: Try 7-4 to 9 and continue
0x820238da0: *************** Solved ************ %!s(<nil>)
3           |
| 7           8           9           | 1           2           0x82033d2a0: *************** Solved ************ %!s(<nil>)
3           | 4           Got solution: 1 2 3 4 5 6 7 8 9
4 5 6 7 8 9 1 2 3
7 8 9 1 2 3 4 5 6
2 3 4 5 6 7 8 9 1
5 6 7 8 9 1 2 3 4
8 9 1 2 3 4 5 6 7
9 4 5 3 7 8 6 1 2
6 7 8 9 1 2 3 4 5
3 1 2 6 4 5 9 7 8

0x820238dc0: Solved 2 cells in step 4
5           6           0x820668100: Solved 2 cells in step 3
|
0x820380b40: *************** Solved ************ %!s(<nil>)
0x820668100: Solved 3 cells in step 4
0x820238dc0: *************** Solved ************ %!s(<nil>)
0x820668220: Cell 7-7 has zero candidates!!!0x820668100: *************** Solved ************ %!s(<nil>)
0x820668080: Solved 4 cells in step 3
___________________________________________________________________________________________________________________
0x82033d140: Solved 4 cells in step 3
0x820238d40: *************** Solved ************ %!s(<nil>)
0x820668120: Solved 3 cells in step 3
0x8206680a0: Solved 5 cells in step 3
0x820238de0: Solved 4 cells in step 4
Got solution: 1 2 3 4 5 6 7 8 9
4 5 6 7 8 9 1 2 3
7 8 9 1 2 3 4 5 6
2 3 4 5 6 7 8 9 1
5 6 7 8 9 1 2 3 4
8 9 1 2 3 4 5 6 7
3 4 5 9 7 8 6 1 2
6 7 8 3 1 2 9 4 5
9 1 2 6 4 5 3 7 8

0x82033d140: *************** Solved ************ %!s(<nil>)
0x820668080: *************** Solved ************ %!s(<nil>)
0x820668120: *************** Solved ************ %!s(<nil>)
0x82033d160: Solved 4 cells in step 3
| 0x820238de0: *************** Solved ************ %!s(<nil>)
2           0x8206680a0: *************** Solved ************ %!s(<nil>)
0x820668140: Solved 3 cells in step 3
3           ___________________________________________________________________________________________________________________
4           | 0x820238e00: Solved 3 cells in step 4
0x82033d160: *************** Solved ************ %!s(<nil>)
0x820238d60: Solved 3 cells in step 4
| 5           6           0x820668140: *************** Solved ************ %!s(<nil>)
0x8206680c0: Solved 5 cells in step 3
0x820238e00: *************** Solved ************ %!s(<nil>)
0x82033d180: Solved 4 cells in step 3
Got solution: 1 2 3 4 5 6 7 8 9
4 5 6 7 8 9 1 2 3
7 8 9 1 2 3 4 5 6
2 3 4 5 6 7 8 9 1
5 6 7 8 9 1 2 3 4
8 9 1 2 3 4 5 6 7
3 4 5 6 7 8 9 1 2
6 7 8 9 1 2 3 4 5
9 1 2 3 4 5 6 7 8

0x82033d200: Solved 3 cells in step 3
1           2           3           0x820238d60: *************** Solved ************ %!s(<nil>)
7           0x82033d180: *************** Solved ************ %!s(<nil>)
0x82033d200: *************** Solved ************ %!s(<nil>)
0x8206680c0: *************** Solved ************ %!s(<nil>)
0x820668160: Solved 4 cells in step 3
| 0x82033d220: Solved 3 cells in step 3
4           5           0x82033d1a0: Solved 4 cells in step 3
0x820238d80: *************** Solved ************ %!s(<nil>)
| 8           9           1           |
6           | 7           8           9           |
| 4           5           6           | 7           8           9           | Got solution: 1 2 3 4 5 6 7 8 9
4 5 6 7 8 9 1 2 3
7 8 9 1 2 3 4 5 6
2 3 4 5 6 7 8 9 1
5 6 7 8 9 1 2 3 4
8 9 1 2 3 4 5 6 7
3 4 5 9 7 8 6 1 2
6 7 8 3 1 2 9 4 5
9 1 2 6 4 5 3 7 8

0x82033d220: *************** Solved ************ %!s(<nil>)
| 1           0x820668160: *************** Solved ************ %!s(<nil>)
0x8206680e0: Solved 2 cells in step 3
0x82033d1c0: Solved 2 cells in step 3
5           2           0x8206680e0: Solved 3 cells in step 4
0x82033d240: Solved 4 cells in step 3
0x820668180: Solved 4 cells in step 3
3           |
0x82033d1c0: Solved 2 cells in step 4
0x8206680e0: *************** Solved ************ %!s(<nil>)
0x82033d240: *************** Solved ************ %!s(<nil>)
6           Got solution: 1 2 3 4 5 6 7 8 9
4 5 6 7 8 9 1 2 3
7 8 9 1 2 3 4 5 6
2 3 4 5 6 7 8 9 1
5 6 7 8 9 1 2 3 4
8 9 1 2 3 4 5 6 7
9 4 5 6 7 8 3 1 2
6 7 8 3 1 2 9 4 5
3 1 2 9 4 5 6 7 8

0x82033d1a0: *************** Solved ************ %!s(<nil>)
0x820668180: *************** Solved ************ %!s(<nil>)
0x82033d1c0: *************** Solved ************ %!s(<nil>)
| 7           0x820668060: Solved 4 cells in step 3
0x82033d1e0: Solved 2 cells in step 3
8           0x82033d260: Solved 4 cells in step 3
7           0x82033d1e0: Solved 2 cells in step 4
0x820668060: *************** Solved ************ %!s(<nil>)
0x820380a00: Solved 4 cells in step 4
0x8206681a0: Solved 3 cells in step 3
| 0x82033d260: *************** Solved ************ %!s(<nil>)
9           8           | Got solution: 1 2 3 4 5 6 7 8 9
4 5 6 7 8 9 1 2 3
7 8 9 1 2 3 4 5 6
2 3 4 5 6 7 8 9 1
5 6 7 8 9 1 2 3 4
8 9 1 2 3 4 5 6 7
3 4 5 6 7 8 9 1 2
6 7 8 9 1 2 3 4 5
9 1 2 3 4 5 6 7 8

9           1           1           2           3           0x820380a00: *************** Solved ************ %!s(<nil>)
| | 0x820380a20: *************** Solved ************ %!s(<nil>)
4           2           0x82033d1e0: *************** Solved ************ %!s(<nil>)
5           0x8206681a0: *************** Solved ************ %!s(<nil>)
6           0x82033d280: Solved 3 cells in step 3
3           0x8206681e0: Cell 7-7 has zero candidates!!!4           |
|
0x8206681c0: Solved 3 cells in step 3
0x82029cea0: Solved 1 cells in step 3
___________________________________________________________________________________________________________________
| ___________________________________________________________________________________________________________________
8           9           1           | 2           | 1           3           0x8206681c0: *************** Solved ************ %!s(<nil>)
Got solution: 1 2 3 4 5 6 7 8 9
4 5 6 7 8 9 1 2 3
7 8 9 1 2 3 4 5 6
2 3 4 5 6 7 8 9 1
5 6 7 8 9 1 2 3 4
8 9 1 2 3 4 5 6 7
9 4 5 6 7 8 3 1 2
6 7 8 3 1 2 9 4 5
3 1 2 9 4 5 6 7 8

| 2           4           0x8203b0520: Solved 4 cells in step 4
3           | 2           | 0x82033d280: *************** Solved ************ %!s(<nil>)
5           ___________________________________________________________________________________________________________________
0x8203b0540: Solved 2 cells in step 4
6           4           | 5           1           0x8203b0520: *************** Solved ************ %!s(<nil>)
2           3           7           3           |
4           6           Got solution: 1 2 3 4 5 6 7 8 9
4 5 6 7 8 9 1 2 3
7 8 9 1 2 3 4 5 6
2 3 4 5 6 7 8 9 1
5 6 7 8 9 1 2 3 4
8 9 1 2 3 4 5 6 7
9 4 5 3 7 8 6 1 2
6 7 8 9 1 2 3 4 5
3 1 2 6 4 5 9 7 8

| ___________________________________________________________________________________________________________________
| 0x8203b04a0: Solved 3 cells in step 4
0x8203b0480: Solved 3 cells in step 4
5           4           6           | 5           6           | | 7           7           7           [3 9]       8           4           8           | 5           8           | 9           9           1           9           |
| |
[3 9]       | 7           |
4           8           | 4           5           5           | 6           5           6           | 6           6           1           7           7           0x8203b0540: *************** Solved ************ %!s(<nil>)
8           0x8203b04a0: *************** Solved ************ %!s(<nil>)
9           2           | |
| | 8           1           | 2           Got solution: 1 2 3 4 5 6 7 8 9
4 5 6 7 8 9 1 2 3
7 8 9 1 2 3 4 5 6
2 3 4 5 6 7 8 9 1
5 6 7 8 9 1 2 3 4
8 9 1 2 3 4 5 6 7
9 4 5 6 7 8 3 1 2
6 7 8 3 1 2 9 4 5
3 1 2 9 4 5 6 7 8

6           7           9           0x8203b0480: *************** Solved ************ %!s(<nil>)
8           7           3           |
0x8203b0560: Solved 2 cells in step 4
1           | 0x8203b04c0: *************** Solved ************ %!s(<nil>)
8           | | 7           2           8           3           9           | [3 9]       9           1           | Got solution: 1 2 3 4 5 6 7 8 9
4 5 6 7 8 9 1 2 3
7 8 9 1 2 3 4 5 6
2 3 4 5 6 7 8 9 1
5 6 7 8 9 1 2 3 4
8 9 1 2 3 4 5 6 7
3 4 5 6 7 8 9 1 2
6 7 8 9 1 2 3 4 5
9 1 2 3 4 5 6 7 8

1           2           0x8203b0420: *************** Solved ************ %!s(<nil>)
3           0x8203b0560: *************** Solved ************ %!s(<nil>)
4           |
|
1           | 2           0x8203b0440: Solved 4 cells in step 4
8           | | 7           8           9           0x8203b04e0: Solved 4 cells in step 4
2           9           0x8203b0440: *************** Solved ************ %!s(<nil>)
3           | [3 9]       1           4           | 1           4           5           5           | |
6           0x8203b0460: *************** Solved ************ %!s(<nil>)
2           Got solution: 1 2 3 4 5 6 7 8 9
4 5 6 7 8 9 1 2 3
7 8 9 1 2 3 4 5 6
2 3 4 5 6 7 8 9 1
5 6 7 8 9 1 2 3 4
8 9 1 2 3 4 5 6 7
3 4 5 9 7 8 6 1 2
6 7 8 3 1 2 9 4 5
9 1 2 6 4 5 3 7 8

0x8203b04e0: *************** Solved ************ %!s(<nil>)
|
3           2           0x8203b0500: *************** Solved ************ %!s(<nil>)
| 3           4           ___________________________________________________________________________________________________________________
| | | 4           5           6           2           3           7           4           5           Got solution: 1 2 3 4 5 6 7 8 9
4 5 6 7 8 9 1 2 3
7 8 9 1 2 3 4 5 6
2 3 4 5 6 7 8 9 1
5 6 7 8 9 1 2 3 4
8 9 1 2 3 4 5 6 7
9 4 5 6 7 8 3 1 2
6 7 8 3 1 2 9 4 5
3 1 2 9 4 5 6 7 8

| |
6           5           6           [3 9]       1           7           ___________________________________________________________________________________________________________________
| 2           | |
[3 9]       | 6           4           4           8           5           9           1           ___________________________________________________________________________________________________________________
|
| | | Got solution: 1 2 3 4 5 6 7 8 9
4 5 6 7 8 9 1 2 3
7 8 9 1 2 3 4 5 6
2 3 4 5 6 7 8 9 1
5 6 7 8 9 1 2 3 4
8 9 1 2 3 4 5 6 7
9 4 5 3 7 8 6 1 2
6 7 8 9 1 2 3 4 5
3 1 2 6 4 5 9 7 8

5           5           | 6           [3 9]       2           3           4           [3 9]       7           7           | 8           | 5           7           | Got solution: 1 2 3 4 5 6 7 8 9
4 5 6 7 8 9 1 2 3
7 8 9 1 2 3 4 5 6
2 3 4 5 6 7 8 9 1
5 6 7 8 9 1 2 3 4
8 9 1 2 3 4 5 6 7
3 4 5 9 7 8 6 1 2
6 7 8 3 1 2 9 4 5
9 1 2 6 4 5 3 7 8

6           7           | 8           6           8           8           |
1           9           2           |
| 6           1           7           8           9           |
___________________________________________________________________________________________________________________
1           | | | 5           6           2           7           | 3           Got solution: 1 2 3 4 5 6 7 8 9
4 5 6 7 8 9 1 2 3
7 8 9 1 2 3 4 5 6
2 3 4 5 6 7 8 9 1
5 6 7 8 9 1 2 3 4
8 9 1 2 3 4 5 6 7
9 4 5 3 7 8 6 1 2
6 7 8 9 1 2 3 4 5
3 1 2 6 4 5 9 7 8



8           [3 9]       9           4           |
| 8           1           9           1           | 1           | 2           2           Got solution: 1 2 3 4 5 6 7 8 9
4 5 6 7 8 9 1 2 3
7 8 9 1 2 3 4 5 6
2 3 4 5 6 7 8 9 1
5 6 7 8 9 1 2 3 4
8 9 1 2 3 4 5 6 7
3 4 5 6 7 8 9 1 2
6 7 8 9 1 2 3 4 5
9 1 2 3 4 5 6 7 8

2           3           3           | 0x820380540: Try 7-1 to 3 and continue
4           | [3 9]       0x820380540: Try 7-1 to 9 and continue
4           5           4           5           6           |
0x820380540: Try 7-4 to 3 and continue
|
| 7           8           0x820380540: Try 7-4 to 9 and continue
Got solution: 1 2 3 4 5 6 7 8 9
4 5 6 7 8 9 1 2 3
7 8 9 1 2 3 4 5 6
2 3 4 5 6 7 8 9 1
5 6 7 8 9 1 2 3 4
8 9 1 2 3 4 5 6 7
9 4 5 6 7 8 3 1 2
6 7 8 3 1 2 9 4 5
3 1 2 9 4 5 6 7 8

|
| ___________________________________________________________________________________________________________________
| 9           [3 9]       [3 9]       1           0x820380540: Try 8-4 to 3 and continue
0x8203b9980: *************** Solved ************ %!s(<nil>)
2           4           0x8203b9960: *************** Solved ************ %!s(<nil>)
0x820380540: Try 8-4 to 9 and continue
| 0x820380540: Try 8-7 to 3 and continue
1           | 5           Got solution: 1 2 3 4 5 6 7 8 9
4 5 6 7 8 9 1 2 3
7 8 9 1 2 3 4 5 6
2 3 4 5 6 7 8 9 1
5 6 7 8 9 1 2 3 4
8 9 1 2 3 4 5 6 7
3 4 5 6 7 8 9 1 2
6 7 8 9 1 2 3 4 5
9 1 2 3 4 5 6 7 8

0x820380540: Try 8-7 to 9 and continue
6           | 0x820380540: Try 9-1 to 3 and continue
0x8203b99a0: *************** Solved ************ %!s(<nil>)
2           0x8203b99c0: *************** Solved ************ %!s(<nil>)
[3 6]       0x820380540: Try 9-1 to 9 and continue
7           8           | 4           0x820380540: Try 9-7 to 3 and continue
5           | 3           0x8203b9a20: Solved 2 cells in step 3
0x8203b9a00: Solved 3 cells in step 3
[6 9]       0x820380540: Try 9-7 to 9 and continue
[3 9]       4           1           Got solution: 1 2 3 4 5 6 7 8 9
4 5 6 7 8 9 1 2 3
7 8 9 1 2 3 4 5 6
2 3 4 5 6 7 8 9 1
5 6 7 8 9 1 2 3 4
8 9 1 2 3 4 5 6 7
9 4 5 6 7 8 3 1 2
6 7 8 3 1 2 9 4 5
3 1 2 9 4 5 6 7 8

0x8203b9a20: Solved 2 cells in step 4
0x8203b9a00: *************** Solved ************ %!s(<nil>)
2           7           8           | |
|
5           6           0x8203b99e0: Solved 3 cells in step 3
| 0x8203b9a20: *************** Solved ************ %!s(<nil>)
7           ___________________________________________________________________________________________________________________


6           7           8           | 0x82029d9a0: Try 7-1 to 3 and continue
|
___________________________________________________________________________________________________________________
| 9           0x82029d9a0: Try 7-1 to 9 and continue
0x8203b99e0: *************** Solved ************ %!s(<nil>)
0x82029d9a0: Try 7-4 to 3 and continue
Got solution: 1 2 3 4 5 6 7 8 9
4 5 6 7 8 9 1 2 3
7 8 9 1 2 3 4 5 6
2 3 4 5 6 7 8 9 1
5 6 7 8 9 1 2 3 4
8 9 1 2 3 4 5 6 7
9 4 5 6 7 8 3 1 2
6 7 8 3 1 2 9 4 5
3 1 2 9 4 5 6 7 8

0x82029d9a0: Try 7-4 to 9 and continue
0x8203b9a40: Solved 2 cells in step 3
[3 9]       0x8203b9a60: *************** Solved ************ %!s(<nil>)
0x82029d9a0: Try 8-4 to 3 and continue
0x8203b9a40: Solved 2 cells in step 4
1           0x82029d9a0: Try 8-4 to 9 and continue
2           4           | 5           | 0x82029d9a0: Try 8-7 to 3 and continue
0x820768140: *************** Solved ************ %!s(<nil>)
0x820768160: *************** Solved ************ %!s(<nil>)
0x82029d9a0: Try 8-7 to 9 and continue
0x8203b9ac0: Solved 2 cells in step 3
0x82029d9a0: Try 9-1 to 3 and continue
6           0x82029d9a0: Try 9-1 to 9 and continue
7           8           3           | Got solution: 1 2 3 4 5 6 7 8 9
4 5 6 7 8 9 1 2 3
7 8 9 1 2 3 4 5 6
2 3 4 5 6 7 8 9 1
5 6 7 8 9 1 2 3 4
8 9 1 2 3 4 5 6 7
3 4 5 9 7 8 6 1 2
6 7 8 3 1 2 9 4 5
9 1 2 6 4 5 3 7 8

0x8203b9aa0: Solved 2 cells in step 3
4           0x8203b9ac0: *************** Solved ************ %!s(<nil>)
0x8203b9a80: *************** Solved ************ %!s(<nil>)
[3 9]       5           0x82029d9a0: Try 9-7 to 3 and continue
1           |
0x8203b9a40: *************** Solved ************ %!s(<nil>)
2           |
0x8203b9aa0: *************** Solved ************ %!s(<nil>)
0x8207681e0: Solved 3 cells in step 3
| 0x820768220: Solved 2 cells in step 3
| 0x82029d9a0: Try 9-7 to 9 and continue
0x820768220: Solved 2 cells in step 4
Got solution: 1 2 3 4 5 6 7 8 9
4 5 6 7 8 9 1 2 3
7 8 9 1 2 3 4 5 6
2 3 4 5 6 7 8 9 1
5 6 7 8 9 1 2 3 4
8 9 1 2 3 4 5 6 7
9 4 5 6 7 8 3 1 2
6 7 8 3 1 2 9 4 5
3 1 2 9 4 5 6 7 8

6           [3 9]       0x820768200: Solved 2 cells in step 3
0x820768240: *************** Solved ************ %!s(<nil>)
1           7           8           | 0x8207681e0: *************** Solved ************ %!s(<nil>)
0x820768200: Solved 2 cells in step 4
[3 9]       2           0x820768220: *************** Solved ************ %!s(<nil>)
1           | 2           | [3 6]       Got solution: 1 2 3 4 5 6 7 8 9
4 5 6 7 8 9 1 2 3
7 8 9 1 2 3 4 5 6
2 3 4 5 6 7 8 9 1
5 6 7 8 9 1 2 3 4
8 9 1 2 3 4 5 6 7
9 4 5 6 7 8 3 1 2
6 7 8 3 1 2 9 4 5
3 1 2 9 4 5 6 7 8

[3 9]       4           0x8207681a0: *************** Solved ************ %!s(<nil>)
0x8207681c0: Solved 3 cells in step 3
5           |
0x820768260: *************** Solved ************ %!s(<nil>)
4           | 0x820768200: *************** Solved ************ %!s(<nil>)
[3 9]       0x8207682a0: Solved 2 cells in step 3
1           5           0x820768180: *************** Solved ************ %!s(<nil>)
0x8207681c0: *************** Solved ************ %!s(<nil>)
Got solution: 1 2 3 4 5 6 7 8 9
4 5 6 7 8 9 1 2 3
7 8 9 1 2 3 4 5 6
2 3 4 5 6 7 8 9 1
5 6 7 8 9 1 2 3 4
8 9 1 2 3 4 5 6 7
9 4 5 3 7 8 6 1 2
6 7 8 9 1 2 3 4 5
3 1 2 6 4 5 9 7 8

0x8207682a0: *************** Solved ************ %!s(<nil>)
2           | | 0x820768280: Solved 2 cells in step 3
[3 9]       4           5           | 6           [6 9]       7           7           8           |
___________________________________________________________________________________________________________________


8           |
___________________________________________________________________________________________________________________


0x820768280: *************** Solved ************ %!s(<nil>)
0x820668200: Try 7-1 to 3 and continue
Got solution: 1 2 3 4 5 6 7 8 9
4 5 6 7 8 9 1 2 3
7 8 9 1 2 3 4 5 6
2 3 4 5 6 7 8 9 1
5 6 7 8 9 1 2 3 4
8 9 1 2 3 4 5 6 7
3 4 5 6 7 8 9 1 2
6 7 8 9 1 2 3 4 5
9 1 2 3 4 5 6 7 8

0x82029cea0: Try 7-1 to 3 and continue
0x820668200: Try 7-1 to 9 and continue
0x820668200: Try 7-7 to 3 and continue
0x820668200: Try 7-7 to 9 and continue
0x82029cea0: Try 7-1 to 9 and continue
0x820668200: Try 8-4 to 3 and continue
0x82029cea0: Try 7-4 to 3 and continue
0x820668200: Try 8-4 to 9 and continue
0x82029cea0: Try 7-4 to 6 and continue
0x82029cea0: Try 7-7 to 6 and continue
0x820668200: Try 8-7 to 3 and continue
0x82029cea0: Try 7-7 to 9 and continue
0x820718320: Solved 4 cells in step 3
0x820718340: Solved 4 cells in step 3
0x820668200: Try 8-7 to 9 and continue
0x820668200: Try 9-1 to 3 and continue
Got solution: 1 2 3 4 5 6 7 8 9
4 5 6 7 8 9 1 2 3
7 8 9 1 2 3 4 5 6
2 3 4 5 6 7 8 9 1
5 6 7 8 9 1 2 3 4
8 9 1 2 3 4 5 6 7
3 4 5 9 7 8 6 1 2
6 7 8 3 1 2 9 4 5
9 1 2 6 4 5 3 7 8

0x820668200: Try 9-1 to 9 and continue
0x82029cea0: Try 9-1 to 3 and continue
0x820668200: Try 9-4 to 3 and continue
0x82029cea0: Try 9-1 to 9 and continue
0x820718320: *************** Solved ************ %!s(<nil>)
0x82029cea0: Try 9-4 to 3 and continue
0x820718340: *************** Solved ************ %!s(<nil>)
0x820668200: Try 9-4 to 9 and continue
0x82029cea0: Try 9-4 to 6 and continue
0x8206a6800: Solved 3 cells in step 4
0x82029cea0: Try 9-7 to 6 and continue
0x82029cea0: Try 9-7 to 9 and continue
0x8206a67c0: Solved 4 cells in step 4
0x8206a6800: *************** Solved ************ %!s(<nil>)
0x8207183c0: Solved 2 cells in step 3
0x8206a67c0: *************** Solved ************ %!s(<nil>)
0x8207183c0: Solved 2 cells in step 4
Got solution: 1 2 3 4 5 6 7 8 9
4 5 6 7 8 9 1 2 3
7 8 9 1 2 3 4 5 6
2 3 4 5 6 7 8 9 1
5 6 7 8 9 1 2 3 4
8 9 1 2 3 4 5 6 7
9 4 5 3 7 8 6 1 2
6 7 8 9 1 2 3 4 5
3 1 2 6 4 5 9 7 8

0x8206a67e0: *************** Solved ************ %!s(<nil>)
0x8207183c0: *************** Solved ************ %!s(<nil>)
0x820718480: Solved 3 cells in step 3
0x8206a67a0: *************** Solved ************ %!s(<nil>)
0x820718360: Solved 4 cells in step 3
0x820718380: Solved 4 cells in step 3
0x8206a68c0: Solved 2 cells in step 4
0x820718480: *************** Solved ************ %!s(<nil>)
0x8206a6900: Solved 3 cells in step 4
0x8206a6880: *************** Solved ************ %!s(<nil>)
0x820718360: *************** Solved ************ %!s(<nil>)
0x820718380: *************** Solved ************ %!s(<nil>)
0x8206a6900: *************** Solved ************ %!s(<nil>)
0x8206a68c0: *************** Solved ************ %!s(<nil>)
Got solution: 1 2 3 4 5 6 7 8 9
4 5 6 7 8 9 1 2 3
7 8 9 1 2 3 4 5 6
2 3 4 5 6 7 8 9 1
5 6 7 8 9 1 2 3 4
8 9 1 2 3 4 5 6 7
3 4 5 6 7 8 9 1 2
6 7 8 9 1 2 3 4 5
9 1 2 3 4 5 6 7 8

0x8206a68e0: Solved 2 cells in step 4
0x8207183e0: Solved 3 cells in step 3
0x8206a68a0: Solved 4 cells in step 4
0x8207183a0: Solved 2 cells in step 3
0x820718420: Solved 4 cells in step 3
0x8206a68e0: *************** Solved ************ %!s(<nil>)
0x8206a6820: Solved 3 cells in step 4
0x8207183e0: *************** Solved ************ %!s(<nil>)
0x8207183a0: Solved 2 cells in step 4
0x8206a68a0: *************** Solved ************ %!s(<nil>)
0x820718420: *************** Solved ************ %!s(<nil>)
0x820718440: Solved 4 cells in step 3
0x820718460: Solved 3 cells in step 3
0x8207183a0: *************** Solved ************ %!s(<nil>)
0x820718400: Solved 3 cells in step 3
0x8206a6820: *************** Solved ************ %!s(<nil>)
Got solution: 1 2 3 4 5 6 7 8 9
4 5 6 7 8 9 1 2 3
7 8 9 1 2 3 4 5 6
2 3 4 5 6 7 8 9 1
5 6 7 8 9 1 2 3 4
8 9 1 2 3 4 5 6 7
9 4 5 6 7 8 3 1 2
6 7 8 3 1 2 9 4 5
3 1 2 9 4 5 6 7 8

0x820718440: *************** Solved ************ %!s(<nil>)
0x820718460: *************** Solved ************ %!s(<nil>)
0x820718400: *************** Solved ************ %!s(<nil>)
0x8206a6840: *************** Solved ************ %!s(<nil>)
0x8206a6860: Solved 4 cells in step 4
0x8206a6860: *************** Solved ************ %!s(<nil>)
Got solution: 1 2 3 4 5 6 7 8 9
4 5 6 7 8 9 1 2 3
7 8 9 1 2 3 4 5 6
2 3 4 5 6 7 8 9 1
5 6 7 8 9 1 2 3 4
8 9 1 2 3 4 5 6 7
3 4 5 9 7 8 6 1 2
6 7 8 3 1 2 9 4 5
9 1 2 6 4 5 3 7 8

Got solution: 1 2 3 4 5 6 7 8 9
4 5 6 7 8 9 1 2 3
7 8 9 1 2 3 4 5 6
2 3 4 5 6 7 8 9 1
5 6 7 8 9 1 2 3 4
8 9 1 2 3 4 5 6 7
9 4 5 6 7 8 3 1 2
6 7 8 3 1 2 9 4 5
3 1 2 9 4 5 6 7 8

Got solution: 1 2 3 4 5 6 7 8 9
4 5 6 7 8 9 1 2 3
7 8 9 1 2 3 4 5 6
2 3 4 5 6 7 8 9 1
5 6 7 8 9 1 2 3 4
8 9 1 2 3 4 5 6 7
9 4 5 6 7 8 3 1 2
6 7 8 3 1 2 9 4 5
3 1 2 9 4 5 6 7 8

Got solution: 1 2 3 4 5 6 7 8 9
4 5 6 7 8 9 1 2 3
7 8 9 1 2 3 4 5 6
2 3 4 5 6 7 8 9 1
5 6 7 8 9 1 2 3 4
8 9 1 2 3 4 5 6 7
9 4 5 3 7 8 6 1 2
6 7 8 9 1 2 3 4 5
3 1 2 6 4 5 9 7 8

Got solution: 1 2 3 4 5 6 7 8 9
4 5 6 7 8 9 1 2 3
7 8 9 1 2 3 4 5 6
2 3 4 5 6 7 8 9 1
5 6 7 8 9 1 2 3 4
8 9 1 2 3 4 5 6 7
3 4 5 6 7 8 9 1 2
6 7 8 9 1 2 3 4 5
9 1 2 3 4 5 6 7 8

Got solution: 1 2 3 4 5 6 7 8 9
4 5 6 7 8 9 1 2 3
7 8 9 1 2 3 4 5 6
2 3 4 5 6 7 8 9 1
5 6 7 8 9 1 2 3 4
8 9 1 2 3 4 5 6 7
3 4 5 9 7 8 6 1 2
6 7 8 3 1 2 9 4 5
9 1 2 6 4 5 3 7 8

Got solution: 1 2 3 4 5 6 7 8 9
4 5 6 7 8 9 1 2 3
7 8 9 1 2 3 4 5 6
2 3 4 5 6 7 8 9 1
5 6 7 8 9 1 2 3 4
8 9 1 2 3 4 5 6 7
9 4 5 3 7 8 6 1 2
6 7 8 9 1 2 3 4 5
3 1 2 6 4 5 9 7 8

Got solution: 1 2 3 4 5 6 7 8 9
4 5 6 7 8 9 1 2 3
7 8 9 1 2 3 4 5 6
2 3 4 5 6 7 8 9 1
5 6 7 8 9 1 2 3 4
8 9 1 2 3 4 5 6 7
9 4 5 3 7 8 6 1 2
6 7 8 9 1 2 3 4 5
3 1 2 6 4 5 9 7 8

Got solution: 1 2 3 4 5 6 7 8 9
4 5 6 7 8 9 1 2 3
7 8 9 1 2 3 4 5 6
2 3 4 5 6 7 8 9 1
5 6 7 8 9 1 2 3 4
8 9 1 2 3 4 5 6 7
3 4 5 6 7 8 9 1 2
6 7 8 9 1 2 3 4 5
9 1 2 3 4 5 6 7 8

Got solution: 1 2 3 4 5 6 7 8 9
4 5 6 7 8 9 1 2 3
7 8 9 1 2 3 4 5 6
2 3 4 5 6 7 8 9 1
5 6 7 8 9 1 2 3 4
8 9 1 2 3 4 5 6 7
3 4 5 9 7 8 6 1 2
6 7 8 3 1 2 9 4 5
9 1 2 6 4 5 3 7 8

Got solution: 1 2 3 4 5 6 7 8 9
4 5 6 7 8 9 1 2 3
7 8 9 1 2 3 4 5 6
2 3 4 5 6 7 8 9 1
5 6 7 8 9 1 2 3 4
8 9 1 2 3 4 5 6 7
3 4 5 9 7 8 6 1 2
6 7 8 3 1 2 9 4 5
9 1 2 6 4 5 3 7 8

Got solution: 1 2 3 4 5 6 7 8 9
4 5 6 7 8 9 1 2 3
7 8 9 1 2 3 4 5 6
2 3 4 5 6 7 8 9 1
5 6 7 8 9 1 2 3 4
8 9 1 2 3 4 5 6 7
9 4 5 6 7 8 3 1 2
6 7 8 3 1 2 9 4 5
3 1 2 9 4 5 6 7 8

Got solution: 1 2 3 4 5 6 7 8 9
4 5 6 7 8 9 1 2 3
7 8 9 1 2 3 4 5 6
2 3 4 5 6 7 8 9 1
5 6 7 8 9 1 2 3 4
8 9 1 2 3 4 5 6 7
9 4 5 6 7 8 3 1 2
6 7 8 3 1 2 9 4 5
3 1 2 9 4 5 6 7 8

Got solution: 1 2 3 4 5 6 7 8 9
4 5 6 7 8 9 1 2 3
7 8 9 1 2 3 4 5 6
2 3 4 5 6 7 8 9 1
5 6 7 8 9 1 2 3 4
8 9 1 2 3 4 5 6 7
3 4 5 9 7 8 6 1 2
6 7 8 3 1 2 9 4 5
9 1 2 6 4 5 3 7 8

Got solution: 1 2 3 4 5 6 7 8 9
4 5 6 7 8 9 1 2 3
7 8 9 1 2 3 4 5 6
2 3 4 5 6 7 8 9 1
5 6 7 8 9 1 2 3 4
8 9 1 2 3 4 5 6 7
9 4 5 3 7 8 6 1 2
6 7 8 9 1 2 3 4 5
3 1 2 6 4 5 9 7 8

Got solution: 1 2 3 4 5 6 7 8 9
4 5 6 7 8 9 1 2 3
7 8 9 1 2 3 4 5 6
2 3 4 5 6 7 8 9 1
5 6 7 8 9 1 2 3 4
8 9 1 2 3 4 5 6 7
9 4 5 3 7 8 6 1 2
6 7 8 9 1 2 3 4 5
3 1 2 6 4 5 9 7 8

Got solution: 1 2 3 4 5 6 7 8 9
4 5 6 7 8 9 1 2 3
7 8 9 1 2 3 4 5 6
2 3 4 5 6 7 8 9 1
5 6 7 8 9 1 2 3 4
8 9 1 2 3 4 5 6 7
9 4 5 3 7 8 6 1 2
6 7 8 9 1 2 3 4 5
3 1 2 6 4 5 9 7 8

Got solution: 1 2 3 4 5 6 7 8 9
4 5 6 7 8 9 1 2 3
7 8 9 1 2 3 4 5 6
2 3 4 5 6 7 8 9 1
5 6 7 8 9 1 2 3 4
8 9 1 2 3 4 5 6 7
9 4 5 6 7 8 3 1 2
6 7 8 3 1 2 9 4 5
3 1 2 9 4 5 6 7 8

Got solution: 1 2 3 4 5 6 7 8 9
4 5 6 7 8 9 1 2 3
7 8 9 1 2 3 4 5 6
2 3 4 5 6 7 8 9 1
5 6 7 8 9 1 2 3 4
8 9 1 2 3 4 5 6 7
9 4 5 3 7 8 6 1 2
6 7 8 9 1 2 3 4 5
3 1 2 6 4 5 9 7 8

Got solution: 1 2 3 4 5 6 7 8 9
4 5 6 7 8 9 1 2 3
7 8 9 1 2 3 4 5 6
2 3 4 5 6 7 8 9 1
5 6 7 8 9 1 2 3 4
8 9 1 2 3 4 5 6 7
3 4 5 9 7 8 6 1 2
6 7 8 3 1 2 9 4 5
9 1 2 6 4 5 3 7 8

Got solution: 1 2 3 4 5 6 7 8 9
4 5 6 7 8 9 1 2 3
7 8 9 1 2 3 4 5 6
2 3 4 5 6 7 8 9 1
5 6 7 8 9 1 2 3 4
8 9 1 2 3 4 5 6 7
9 4 5 3 7 8 6 1 2
6 7 8 9 1 2 3 4 5
3 1 2 6 4 5 9 7 8

Got solution: 1 2 3 4 5 6 7 8 9
4 5 6 7 8 9 1 2 3
7 8 9 1 2 3 4 5 6
2 3 4 5 6 7 8 9 1
5 6 7 8 9 1 2 3 4
8 9 1 2 3 4 5 6 7
9 4 5 3 7 8 6 1 2
6 7 8 9 1 2 3 4 5
3 1 2 6 4 5 9 7 8

Got solution: 1 2 3 4 5 6 7 8 9
4 5 6 7 8 9 1 2 3
7 8 9 1 2 3 4 5 6
2 3 4 5 6 7 8 9 1
5 6 7 8 9 1 2 3 4
8 9 1 2 3 4 5 6 7
3 4 5 9 7 8 6 1 2
6 7 8 3 1 2 9 4 5
9 1 2 6 4 5 3 7 8

Got solution: 1 2 3 4 5 6 7 8 9
4 5 6 7 8 9 1 2 3
7 8 9 1 2 3 4 5 6
2 3 4 5 6 7 8 9 1
5 6 7 8 9 1 2 3 4
8 9 1 2 3 4 5 6 7
9 4 5 6 7 8 3 1 2
6 7 8 3 1 2 9 4 5
3 1 2 9 4 5 6 7 8

Got solution: 1 2 3 4 5 6 7 8 9
4 5 6 7 8 9 1 2 3
7 8 9 1 2 3 4 5 6
2 3 4 5 6 7 8 9 1
5 6 7 8 9 1 2 3 4
8 9 1 2 3 4 5 6 7
3 4 5 6 7 8 9 1 2
6 7 8 9 1 2 3 4 5
9 1 2 3 4 5 6 7 8

Got solution: 1 2 3 4 5 6 7 8 9
4 5 6 7 8 9 1 2 3
7 8 9 1 2 3 4 5 6
2 3 4 5 6 7 8 9 1
5 6 7 8 9 1 2 3 4
8 9 1 2 3 4 5 6 7
9 4 5 3 7 8 6 1 2
6 7 8 9 1 2 3 4 5
3 1 2 6 4 5 9 7 8

Got solution: 1 2 3 4 5 6 7 8 9
4 5 6 7 8 9 1 2 3
7 8 9 1 2 3 4 5 6
2 3 4 5 6 7 8 9 1
5 6 7 8 9 1 2 3 4
8 9 1 2 3 4 5 6 7
3 4 5 9 7 8 6 1 2
6 7 8 3 1 2 9 4 5
9 1 2 6 4 5 3 7 8

Got solution: 1 2 3 4 5 6 7 8 9
4 5 6 7 8 9 1 2 3
7 8 9 1 2 3 4 5 6
2 3 4 5 6 7 8 9 1
5 6 7 8 9 1 2 3 4
8 9 1 2 3 4 5 6 7
3 4 5 9 7 8 6 1 2
6 7 8 3 1 2 9 4 5
9 1 2 6 4 5 3 7 8

Got solution: 1 2 3 4 5 6 7 8 9
4 5 6 7 8 9 1 2 3
7 8 9 1 2 3 4 5 6
2 3 4 5 6 7 8 9 1
5 6 7 8 9 1 2 3 4
8 9 1 2 3 4 5 6 7
9 4 5 3 7 8 6 1 2
6 7 8 9 1 2 3 4 5
3 1 2 6 4 5 9 7 8

Got solution: 1 2 3 4 5 6 7 8 9
4 5 6 7 8 9 1 2 3
7 8 9 1 2 3 4 5 6
2 3 4 5 6 7 8 9 1
5 6 7 8 9 1 2 3 4
8 9 1 2 3 4 5 6 7
3 4 5 9 7 8 6 1 2
6 7 8 3 1 2 9 4 5
9 1 2 6 4 5 3 7 8

Got solution: 1 2 3 4 5 6 7 8 9
4 5 6 7 8 9 1 2 3
7 8 9 1 2 3 4 5 6
2 3 4 5 6 7 8 9 1
5 6 7 8 9 1 2 3 4
8 9 1 2 3 4 5 6 7
9 4 5 3 7 8 6 1 2
6 7 8 9 1 2 3 4 5
3 1 2 6 4 5 9 7 8

Got solution: 1 2 3 4 5 6 7 8 9
4 5 6 7 8 9 1 2 3
7 8 9 1 2 3 4 5 6
2 3 4 5 6 7 8 9 1
5 6 7 8 9 1 2 3 4
8 9 1 2 3 4 5 6 7
9 4 5 6 7 8 3 1 2
6 7 8 3 1 2 9 4 5
3 1 2 9 4 5 6 7 8

Got solution: 1 2 3 4 5 6 7 8 9
4 5 6 7 8 9 1 2 3
7 8 9 1 2 3 4 5 6
2 3 4 5 6 7 8 9 1
5 6 7 8 9 1 2 3 4
8 9 1 2 3 4 5 6 7
9 4 5 3 7 8 6 1 2
6 7 8 9 1 2 3 4 5
3 1 2 6 4 5 9 7 8

Got solution: 1 2 3 4 5 6 7 8 9
4 5 6 7 8 9 1 2 3
7 8 9 1 2 3 4 5 6
2 3 4 5 6 7 8 9 1
5 6 7 8 9 1 2 3 4
8 9 1 2 3 4 5 6 7
9 4 5 3 7 8 6 1 2
6 7 8 9 1 2 3 4 5
3 1 2 6 4 5 9 7 8

Got solution: 1 2 3 4 5 6 7 8 9
4 5 6 7 8 9 1 2 3
7 8 9 1 2 3 4 5 6
2 3 4 5 6 7 8 9 1
5 6 7 8 9 1 2 3 4
8 9 1 2 3 4 5 6 7
9 4 5 6 7 8 3 1 2
6 7 8 3 1 2 9 4 5
3 1 2 9 4 5 6 7 8

Got solution: 1 2 3 4 5 6 7 8 9
4 5 6 7 8 9 1 2 3
7 8 9 1 2 3 4 5 6
2 3 4 5 6 7 8 9 1
5 6 7 8 9 1 2 3 4
8 9 1 2 3 4 5 6 7
3 4 5 9 7 8 6 1 2
6 7 8 3 1 2 9 4 5
9 1 2 6 4 5 3 7 8

Got solution: 1 2 3 4 5 6 7 8 9
4 5 6 7 8 9 1 2 3
7 8 9 1 2 3 4 5 6
2 3 4 5 6 7 8 9 1
5 6 7 8 9 1 2 3 4
8 9 1 2 3 4 5 6 7
3 4 5 9 7 8 6 1 2
6 7 8 3 1 2 9 4 5
9 1 2 6 4 5 3 7 8

Got solution: 1 2 3 4 5 6 7 8 9
4 5 6 7 8 9 1 2 3
7 8 9 1 2 3 4 5 6
2 3 4 5 6 7 8 9 1
5 6 7 8 9 1 2 3 4
8 9 1 2 3 4 5 6 7
3 4 5 6 7 8 9 1 2
6 7 8 9 1 2 3 4 5
9 1 2 3 4 5 6 7 8

Got solution: 1 2 3 4 5 6 7 8 9
4 5 6 7 8 9 1 2 3
7 8 9 1 2 3 4 5 6
2 3 4 5 6 7 8 9 1
5 6 7 8 9 1 2 3 4
8 9 1 2 3 4 5 6 7
3 4 5 6 7 8 9 1 2
6 7 8 9 1 2 3 4 5
9 1 2 3 4 5 6 7 8

Got solution: 1 2 3 4 5 6 7 8 9
4 5 6 7 8 9 1 2 3
7 8 9 1 2 3 4 5 6
2 3 4 5 6 7 8 9 1
5 6 7 8 9 1 2 3 4
8 9 1 2 3 4 5 6 7
3 4 5 9 7 8 6 1 2
6 7 8 3 1 2 9 4 5
9 1 2 6 4 5 3 7 8

Got solution: 1 2 3 4 5 6 7 8 9
4 5 6 7 8 9 1 2 3
7 8 9 1 2 3 4 5 6
2 3 4 5 6 7 8 9 1
5 6 7 8 9 1 2 3 4
8 9 1 2 3 4 5 6 7
3 4 5 6 7 8 9 1 2
6 7 8 9 1 2 3 4 5
9 1 2 3 4 5 6 7 8

Got solution: 1 2 3 4 5 6 7 8 9
4 5 6 7 8 9 1 2 3
7 8 9 1 2 3 4 5 6
2 3 4 5 6 7 8 9 1
5 6 7 8 9 1 2 3 4
8 9 1 2 3 4 5 6 7
9 4 5 6 7 8 3 1 2
6 7 8 3 1 2 9 4 5
3 1 2 9 4 5 6 7 8

Got solution: 1 2 3 4 5 6 7 8 9
4 5 6 7 8 9 1 2 3
7 8 9 1 2 3 4 5 6
2 3 4 5 6 7 8 9 1
5 6 7 8 9 1 2 3 4
8 9 1 2 3 4 5 6 7
3 4 5 9 7 8 6 1 2
6 7 8 3 1 2 9 4 5
9 1 2 6 4 5 3 7 8

Got solution: 1 2 3 4 5 6 7 8 9
4 5 6 7 8 9 1 2 3
7 8 9 1 2 3 4 5 6
2 3 4 5 6 7 8 9 1
5 6 7 8 9 1 2 3 4
8 9 1 2 3 4 5 6 7
3 4 5 9 7 8 6 1 2
6 7 8 3 1 2 9 4 5
9 1 2 6 4 5 3 7 8

Got solution: 1 2 3 4 5 6 7 8 9
4 5 6 7 8 9 1 2 3
7 8 9 1 2 3 4 5 6
2 3 4 5 6 7 8 9 1
5 6 7 8 9 1 2 3 4
8 9 1 2 3 4 5 6 7
9 4 5 6 7 8 3 1 2
6 7 8 3 1 2 9 4 5
3 1 2 9 4 5 6 7 8

Got solution: 1 2 3 4 5 6 7 8 9
4 5 6 7 8 9 1 2 3
7 8 9 1 2 3 4 5 6
2 3 4 5 6 7 8 9 1
5 6 7 8 9 1 2 3 4
8 9 1 2 3 4 5 6 7
3 4 5 9 7 8 6 1 2
6 7 8 3 1 2 9 4 5
9 1 2 6 4 5 3 7 8

Got solution: 1 2 3 4 5 6 7 8 9
4 5 6 7 8 9 1 2 3
7 8 9 1 2 3 4 5 6
2 3 4 5 6 7 8 9 1
5 6 7 8 9 1 2 3 4
8 9 1 2 3 4 5 6 7
9 4 5 3 7 8 6 1 2
6 7 8 9 1 2 3 4 5
3 1 2 6 4 5 9 7 8

Got solution: 1 2 3 4 5 6 7 8 9
4 5 6 7 8 9 1 2 3
7 8 9 1 2 3 4 5 6
2 3 4 5 6 7 8 9 1
5 6 7 8 9 1 2 3 4
8 9 1 2 3 4 5 6 7
3 4 5 6 7 8 9 1 2
6 7 8 9 1 2 3 4 5
9 1 2 3 4 5 6 7 8

Got solution: 1 2 3 4 5 6 7 8 9
4 5 6 7 8 9 1 2 3
7 8 9 1 2 3 4 5 6
2 3 4 5 6 7 8 9 1
5 6 7 8 9 1 2 3 4
8 9 1 2 3 4 5 6 7
3 4 5 6 7 8 9 1 2
6 7 8 9 1 2 3 4 5
9 1 2 3 4 5 6 7 8

Got solution: 1 2 3 4 5 6 7 8 9
4 5 6 7 8 9 1 2 3
7 8 9 1 2 3 4 5 6
2 3 4 5 6 7 8 9 1
5 6 7 8 9 1 2 3 4
8 9 1 2 3 4 5 6 7
3 4 5 9 7 8 6 1 2
6 7 8 3 1 2 9 4 5
9 1 2 6 4 5 3 7 8

Got solution: 1 2 3 4 5 6 7 8 9
4 5 6 7 8 9 1 2 3
7 8 9 1 2 3 4 5 6
2 3 4 5 6 7 8 9 1
5 6 7 8 9 1 2 3 4
8 9 1 2 3 4 5 6 7
3 4 5 9 7 8 6 1 2
6 7 8 3 1 2 9 4 5
9 1 2 6 4 5 3 7 8

Got solution: 1 2 3 4 5 6 7 8 9
4 5 6 7 8 9 1 2 3
7 8 9 1 2 3 4 5 6
2 3 4 5 6 7 8 9 1
5 6 7 8 9 1 2 3 4
8 9 1 2 3 4 5 6 7
3 4 5 9 7 8 6 1 2
6 7 8 3 1 2 9 4 5
9 1 2 6 4 5 3 7 8

Got solution: 1 2 3 4 5 6 7 8 9
4 5 6 7 8 9 1 2 3
7 8 9 1 2 3 4 5 6
2 3 4 5 6 7 8 9 1
5 6 7 8 9 1 2 3 4
8 9 1 2 3 4 5 6 7
9 4 5 6 7 8 3 1 2
6 7 8 3 1 2 9 4 5
3 1 2 9 4 5 6 7 8

Got solution: 1 2 3 4 5 6 7 8 9
4 5 6 7 8 9 1 2 3
7 8 9 1 2 3 4 5 6
2 3 4 5 6 7 8 9 1
5 6 7 8 9 1 2 3 4
8 9 1 2 3 4 5 6 7
3 4 5 9 7 8 6 1 2
6 7 8 3 1 2 9 4 5
9 1 2 6 4 5 3 7 8

Got solution: 1 2 3 4 5 6 7 8 9
4 5 6 7 8 9 1 2 3
7 8 9 1 2 3 4 5 6
2 3 4 5 6 7 8 9 1
5 6 7 8 9 1 2 3 4
8 9 1 2 3 4 5 6 7
3 4 5 9 7 8 6 1 2
6 7 8 3 1 2 9 4 5
9 1 2 6 4 5 3 7 8

Got solution: 1 2 3 4 5 6 7 8 9
4 5 6 7 8 9 1 2 3
7 8 9 1 2 3 4 5 6
2 3 4 5 6 7 8 9 1
5 6 7 8 9 1 2 3 4
8 9 1 2 3 4 5 6 7
3 4 5 6 7 8 9 1 2
6 7 8 9 1 2 3 4 5
9 1 2 3 4 5 6 7 8

Got solution: 1 2 3 4 5 6 7 8 9
4 5 6 7 8 9 1 2 3
7 8 9 1 2 3 4 5 6
2 3 4 5 6 7 8 9 1
5 6 7 8 9 1 2 3 4
8 9 1 2 3 4 5 6 7
9 4 5 6 7 8 3 1 2
6 7 8 3 1 2 9 4 5
3 1 2 9 4 5 6 7 8

Got solution: 1 2 3 4 5 6 7 8 9
4 5 6 7 8 9 1 2 3
7 8 9 1 2 3 4 5 6
2 3 4 5 6 7 8 9 1
5 6 7 8 9 1 2 3 4
8 9 1 2 3 4 5 6 7
3 4 5 6 7 8 9 1 2
6 7 8 9 1 2 3 4 5
9 1 2 3 4 5 6 7 8

Got solution: 1 2 3 4 5 6 7 8 9
4 5 6 7 8 9 1 2 3
7 8 9 1 2 3 4 5 6
2 3 4 5 6 7 8 9 1
5 6 7 8 9 1 2 3 4
8 9 1 2 3 4 5 6 7
9 4 5 6 7 8 3 1 2
6 7 8 3 1 2 9 4 5
3 1 2 9 4 5 6 7 8

Got solution: 1 2 3 4 5 6 7 8 9
4 5 6 7 8 9 1 2 3
7 8 9 1 2 3 4 5 6
2 3 4 5 6 7 8 9 1
5 6 7 8 9 1 2 3 4
8 9 1 2 3 4 5 6 7
3 4 5 6 7 8 9 1 2
6 7 8 9 1 2 3 4 5
9 1 2 3 4 5 6 7 8

Got solution: 1 2 3 4 5 6 7 8 9
4 5 6 7 8 9 1 2 3
7 8 9 1 2 3 4 5 6
2 3 4 5 6 7 8 9 1
5 6 7 8 9 1 2 3 4
8 9 1 2 3 4 5 6 7
9 4 5 6 7 8 3 1 2
6 7 8 3 1 2 9 4 5
3 1 2 9 4 5 6 7 8

Got solution: 1 2 3 4 5 6 7 8 9
4 5 6 7 8 9 1 2 3
7 8 9 1 2 3 4 5 6
2 3 4 5 6 7 8 9 1
5 6 7 8 9 1 2 3 4
8 9 1 2 3 4 5 6 7
9 4 5 6 7 8 3 1 2
6 7 8 3 1 2 9 4 5
3 1 2 9 4 5 6 7 8

Got solution: 1 2 3 4 5 6 7 8 9
4 5 6 7 8 9 1 2 3
7 8 9 1 2 3 4 5 6
2 3 4 5 6 7 8 9 1
5 6 7 8 9 1 2 3 4
8 9 1 2 3 4 5 6 7
9 4 5 6 7 8 3 1 2
6 7 8 3 1 2 9 4 5
3 1 2 9 4 5 6 7 8

Got solution: 1 2 3 4 5 6 7 8 9
4 5 6 7 8 9 1 2 3
7 8 9 1 2 3 4 5 6
2 3 4 5 6 7 8 9 1
5 6 7 8 9 1 2 3 4
8 9 1 2 3 4 5 6 7
9 4 5 6 7 8 3 1 2
6 7 8 3 1 2 9 4 5
3 1 2 9 4 5 6 7 8

Got solution: 1 2 3 4 5 6 7 8 9
4 5 6 7 8 9 1 2 3
7 8 9 1 2 3 4 5 6
2 3 4 5 6 7 8 9 1
5 6 7 8 9 1 2 3 4
8 9 1 2 3 4 5 6 7
3 4 5 9 7 8 6 1 2
6 7 8 3 1 2 9 4 5
9 1 2 6 4 5 3 7 8

Got solution: 1 2 3 4 5 6 7 8 9
4 5 6 7 8 9 1 2 3
7 8 9 1 2 3 4 5 6
2 3 4 5 6 7 8 9 1
5 6 7 8 9 1 2 3 4
8 9 1 2 3 4 5 6 7
3 4 5 9 7 8 6 1 2
6 7 8 3 1 2 9 4 5
9 1 2 6 4 5 3 7 8

Got solution: 1 2 3 4 5 6 7 8 9
4 5 6 7 8 9 1 2 3
7 8 9 1 2 3 4 5 6
2 3 4 5 6 7 8 9 1
5 6 7 8 9 1 2 3 4
8 9 1 2 3 4 5 6 7
9 4 5 6 7 8 3 1 2
6 7 8 3 1 2 9 4 5
3 1 2 9 4 5 6 7 8

Got solution: 1 2 3 4 5 6 7 8 9
4 5 6 7 8 9 1 2 3
7 8 9 1 2 3 4 5 6
2 3 4 5 6 7 8 9 1
5 6 7 8 9 1 2 3 4
8 9 1 2 3 4 5 6 7
3 4 5 6 7 8 9 1 2
6 7 8 9 1 2 3 4 5
9 1 2 3 4 5 6 7 8

Got solution: 1 2 3 4 5 6 7 8 9
4 5 6 7 8 9 1 2 3
7 8 9 1 2 3 4 5 6
2 3 4 5 6 7 8 9 1
5 6 7 8 9 1 2 3 4
8 9 1 2 3 4 5 6 7
3 4 5 6 7 8 9 1 2
6 7 8 9 1 2 3 4 5
9 1 2 3 4 5 6 7 8

Got solution: 1 2 3 4 5 6 7 8 9
4 5 6 7 8 9 1 2 3
7 8 9 1 2 3 4 5 6
2 3 4 5 6 7 8 9 1
5 6 7 8 9 1 2 3 4
8 9 1 2 3 4 5 6 7
9 4 5 6 7 8 3 1 2
6 7 8 3 1 2 9 4 5
3 1 2 9 4 5 6 7 8

Got solution: 1 2 3 4 5 6 7 8 9
4 5 6 7 8 9 1 2 3
7 8 9 1 2 3 4 5 6
2 3 4 5 6 7 8 9 1
5 6 7 8 9 1 2 3 4
8 9 1 2 3 4 5 6 7
9 4 5 6 7 8 3 1 2
6 7 8 3 1 2 9 4 5
3 1 2 9 4 5 6 7 8

Got solution: 1 2 3 4 5 6 7 8 9
4 5 6 7 8 9 1 2 3
7 8 9 1 2 3 4 5 6
2 3 4 5 6 7 8 9 1
5 6 7 8 9 1 2 3 4
8 9 1 2 3 4 5 6 7
9 4 5 6 7 8 3 1 2
6 7 8 3 1 2 9 4 5
3 1 2 9 4 5 6 7 8

Got solution: 1 2 3 4 5 6 7 8 9
4 5 6 7 8 9 1 2 3
7 8 9 1 2 3 4 5 6
2 3 4 5 6 7 8 9 1
5 6 7 8 9 1 2 3 4
8 9 1 2 3 4 5 6 7
9 4 5 6 7 8 3 1 2
6 7 8 3 1 2 9 4 5
3 1 2 9 4 5 6 7 8

Got solution: 1 2 3 4 5 6 7 8 9
4 5 6 7 8 9 1 2 3
7 8 9 1 2 3 4 5 6
2 3 4 5 6 7 8 9 1
5 6 7 8 9 1 2 3 4
8 9 1 2 3 4 5 6 7
9 4 5 6 7 8 3 1 2
6 7 8 3 1 2 9 4 5
3 1 2 9 4 5 6 7 8

Got solution: 1 2 3 4 5 6 7 8 9
4 5 6 7 8 9 1 2 3
7 8 9 1 2 3 4 5 6
2 3 4 5 6 7 8 9 1
5 6 7 8 9 1 2 3 4
8 9 1 2 3 4 5 6 7
3 4 5 6 7 8 9 1 2
6 7 8 9 1 2 3 4 5
9 1 2 3 4 5 6 7 8

Got solution: 1 2 3 4 5 6 7 8 9
4 5 6 7 8 9 1 2 3
7 8 9 1 2 3 4 5 6
2 3 4 5 6 7 8 9 1
5 6 7 8 9 1 2 3 4
8 9 1 2 3 4 5 6 7
3 4 5 6 7 8 9 1 2
6 7 8 9 1 2 3 4 5
9 1 2 3 4 5 6 7 8

Got solution: 1 2 3 4 5 6 7 8 9
4 5 6 7 8 9 1 2 3
7 8 9 1 2 3 4 5 6
2 3 4 5 6 7 8 9 1
5 6 7 8 9 1 2 3 4
8 9 1 2 3 4 5 6 7
9 4 5 6 7 8 3 1 2
6 7 8 3 1 2 9 4 5
3 1 2 9 4 5 6 7 8

Got solution: 1 2 3 4 5 6 7 8 9
4 5 6 7 8 9 1 2 3
7 8 9 1 2 3 4 5 6
2 3 4 5 6 7 8 9 1
5 6 7 8 9 1 2 3 4
8 9 1 2 3 4 5 6 7
3 4 5 6 7 8 9 1 2
6 7 8 9 1 2 3 4 5
9 1 2 3 4 5 6 7 8

Got solution: 1 2 3 4 5 6 7 8 9
4 5 6 7 8 9 1 2 3
7 8 9 1 2 3 4 5 6
2 3 4 5 6 7 8 9 1
5 6 7 8 9 1 2 3 4
8 9 1 2 3 4 5 6 7
3 4 5 6 7 8 9 1 2
6 7 8 9 1 2 3 4 5
9 1 2 3 4 5 6 7 8

Got solution: 1 2 3 4 5 6 7 8 9
4 5 6 7 8 9 1 2 3
7 8 9 1 2 3 4 5 6
2 3 4 5 6 7 8 9 1
5 6 7 8 9 1 2 3 4
8 9 1 2 3 4 5 6 7
3 4 5 6 7 8 9 1 2
6 7 8 9 1 2 3 4 5
9 1 2 3 4 5 6 7 8

Got solution: 1 2 3 4 5 6 7 8 9
4 5 6 7 8 9 1 2 3
7 8 9 1 2 3 4 5 6
2 3 4 5 6 7 8 9 1
5 6 7 8 9 1 2 3 4
8 9 1 2 3 4 5 6 7
3 4 5 9 7 8 6 1 2
6 7 8 3 1 2 9 4 5
9 1 2 6 4 5 3 7 8

Got solution: 1 2 3 4 5 6 7 8 9
4 5 6 7 8 9 1 2 3
7 8 9 1 2 3 4 5 6
2 3 4 5 6 7 8 9 1
5 6 7 8 9 1 2 3 4
8 9 1 2 3 4 5 6 7
3 4 5 6 7 8 9 1 2
6 7 8 9 1 2 3 4 5
9 1 2 3 4 5 6 7 8

Got solution: 1 2 3 4 5 6 7 8 9
4 5 6 7 8 9 1 2 3
7 8 9 1 2 3 4 5 6
2 3 4 5 6 7 8 9 1
5 6 7 8 9 1 2 3 4
8 9 1 2 3 4 5 6 7
3 4 5 6 7 8 9 1 2
6 7 8 9 1 2 3 4 5
9 1 2 3 4 5 6 7 8

Got solution: 1 2 3 4 5 6 7 8 9
4 5 6 7 8 9 1 2 3
7 8 9 1 2 3 4 5 6
2 3 4 5 6 7 8 9 1
5 6 7 8 9 1 2 3 4
8 9 1 2 3 4 5 6 7
9 4 5 6 7 8 3 1 2
6 7 8 3 1 2 9 4 5
3 1 2 9 4 5 6 7 8

Got solution: 1 2 3 4 5 6 7 8 9
4 5 6 7 8 9 1 2 3
7 8 9 1 2 3 4 5 6
2 3 4 5 6 7 8 9 1
5 6 7 8 9 1 2 3 4
8 9 1 2 3 4 5 6 7
3 4 5 6 7 8 9 1 2
6 7 8 9 1 2 3 4 5
9 1 2 3 4 5 6 7 8

Got solution: 1 2 3 4 5 6 7 8 9
4 5 6 7 8 9 1 2 3
7 8 9 1 2 3 4 5 6
2 3 4 5 6 7 8 9 1
5 6 7 8 9 1 2 3 4
8 9 1 2 3 4 5 6 7
3 4 5 6 7 8 9 1 2
6 7 8 9 1 2 3 4 5
9 1 2 3 4 5 6 7 8

Got solution: 1 2 3 4 5 6 7 8 9
4 5 6 7 8 9 1 2 3
7 8 9 1 2 3 4 5 6
2 3 4 5 6 7 8 9 1
5 6 7 8 9 1 2 3 4
8 9 1 2 3 4 5 6 7
9 4 5 3 7 8 6 1 2
6 7 8 9 1 2 3 4 5
3 1 2 6 4 5 9 7 8

Got solution: 1 2 3 4 5 6 7 8 9
4 5 6 7 8 9 1 2 3
7 8 9 1 2 3 4 5 6
2 3 4 5 6 7 8 9 1
5 6 7 8 9 1 2 3 4
8 9 1 2 3 4 5 6 7
9 4 5 3 7 8 6 1 2
6 7 8 9 1 2 3 4 5
3 1 2 6 4 5 9 7 8

Got solution: 1 2 3 4 5 6 7 8 9
4 5 6 7 8 9 1 2 3
7 8 9 1 2 3 4 5 6
2 3 4 5 6 7 8 9 1
5 6 7 8 9 1 2 3 4
8 9 1 2 3 4 5 6 7
3 4 5 6 7 8 9 1 2
6 7 8 9 1 2 3 4 5
9 1 2 3 4 5 6 7 8

Got solution: 1 2 3 4 5 6 7 8 9
4 5 6 7 8 9 1 2 3
7 8 9 1 2 3 4 5 6
2 3 4 5 6 7 8 9 1
5 6 7 8 9 1 2 3 4
8 9 1 2 3 4 5 6 7
3 4 5 6 7 8 9 1 2
6 7 8 9 1 2 3 4 5
9 1 2 3 4 5 6 7 8

Got solution: 1 2 3 4 5 6 7 8 9
4 5 6 7 8 9 1 2 3
7 8 9 1 2 3 4 5 6
2 3 4 5 6 7 8 9 1
5 6 7 8 9 1 2 3 4
8 9 1 2 3 4 5 6 7
3 4 5 6 7 8 9 1 2
6 7 8 9 1 2 3 4 5
9 1 2 3 4 5 6 7 8

Got solution: 1 2 3 4 5 6 7 8 9
4 5 6 7 8 9 1 2 3
7 8 9 1 2 3 4 5 6
2 3 4 5 6 7 8 9 1
5 6 7 8 9 1 2 3 4
8 9 1 2 3 4 5 6 7
3 4 5 6 7 8 9 1 2
6 7 8 9 1 2 3 4 5
9 1 2 3 4 5 6 7 8

Got solution: 1 2 3 4 5 6 7 8 9
4 5 6 7 8 9 1 2 3
7 8 9 1 2 3 4 5 6
2 3 4 5 6 7 8 9 1
5 6 7 8 9 1 2 3 4
8 9 1 2 3 4 5 6 7
9 4 5 3 7 8 6 1 2
6 7 8 9 1 2 3 4 5
3 1 2 6 4 5 9 7 8

Got solution: 1 2 3 4 5 6 7 8 9
4 5 6 7 8 9 1 2 3
7 8 9 1 2 3 4 5 6
2 3 4 5 6 7 8 9 1
5 6 7 8 9 1 2 3 4
8 9 1 2 3 4 5 6 7
9 4 5 3 7 8 6 1 2
6 7 8 9 1 2 3 4 5
3 1 2 6 4 5 9 7 8

Got solution: 1 2 3 4 5 6 7 8 9
4 5 6 7 8 9 1 2 3
7 8 9 1 2 3 4 5 6
2 3 4 5 6 7 8 9 1
5 6 7 8 9 1 2 3 4
8 9 1 2 3 4 5 6 7
9 4 5 3 7 8 6 1 2
6 7 8 9 1 2 3 4 5
3 1 2 6 4 5 9 7 8

Got solution: 1 2 3 4 5 6 7 8 9
4 5 6 7 8 9 1 2 3
7 8 9 1 2 3 4 5 6
2 3 4 5 6 7 8 9 1
5 6 7 8 9 1 2 3 4
8 9 1 2 3 4 5 6 7
3 4 5 6 7 8 9 1 2
6 7 8 9 1 2 3 4 5
9 1 2 3 4 5 6 7 8

Got solution: 1 2 3 4 5 6 7 8 9
4 5 6 7 8 9 1 2 3
7 8 9 1 2 3 4 5 6
2 3 4 5 6 7 8 9 1
5 6 7 8 9 1 2 3 4
8 9 1 2 3 4 5 6 7
9 4 5 3 7 8 6 1 2
6 7 8 9 1 2 3 4 5
3 1 2 6 4 5 9 7 8

Got solution: 1 2 3 4 5 6 7 8 9
4 5 6 7 8 9 1 2 3
7 8 9 1 2 3 4 5 6
2 3 4 5 6 7 8 9 1
5 6 7 8 9 1 2 3 4
8 9 1 2 3 4 5 6 7
3 4 5 9 7 8 6 1 2
6 7 8 3 1 2 9 4 5
9 1 2 6 4 5 3 7 8

Got solution: 1 2 3 4 5 6 7 8 9
4 5 6 7 8 9 1 2 3
7 8 9 1 2 3 4 5 6
2 3 4 5 6 7 8 9 1
5 6 7 8 9 1 2 3 4
8 9 1 2 3 4 5 6 7
9 4 5 3 7 8 6 1 2
6 7 8 9 1 2 3 4 5
3 1 2 6 4 5 9 7 8

Got solution: 1 2 3 4 5 6 7 8 9
4 5 6 7 8 9 1 2 3
7 8 9 1 2 3 4 5 6
2 3 4 5 6 7 8 9 1
5 6 7 8 9 1 2 3 4
8 9 1 2 3 4 5 6 7
3 4 5 9 7 8 6 1 2
6 7 8 3 1 2 9 4 5
9 1 2 6 4 5 3 7 8

Got solution: 1 2 3 4 5 6 7 8 9
4 5 6 7 8 9 1 2 3
7 8 9 1 2 3 4 5 6
2 3 4 5 6 7 8 9 1
5 6 7 8 9 1 2 3 4
8 9 1 2 3 4 5 6 7
9 4 5 3 7 8 6 1 2
6 7 8 9 1 2 3 4 5
3 1 2 6 4 5 9 7 8

Got solution: 1 2 3 4 5 6 7 8 9
4 5 6 7 8 9 1 2 3
7 8 9 1 2 3 4 5 6
2 3 4 5 6 7 8 9 1
5 6 7 8 9 1 2 3 4
8 9 1 2 3 4 5 6 7
9 4 5 3 7 8 6 1 2
6 7 8 9 1 2 3 4 5
3 1 2 6 4 5 9 7 8

Got solution: 1 2 3 4 5 6 7 8 9
4 5 6 7 8 9 1 2 3
7 8 9 1 2 3 4 5 6
2 3 4 5 6 7 8 9 1
5 6 7 8 9 1 2 3 4
8 9 1 2 3 4 5 6 7
3 4 5 9 7 8 6 1 2
6 7 8 3 1 2 9 4 5
9 1 2 6 4 5 3 7 8

Got solution: 1 2 3 4 5 6 7 8 9
4 5 6 7 8 9 1 2 3
7 8 9 1 2 3 4 5 6
2 3 4 5 6 7 8 9 1
5 6 7 8 9 1 2 3 4
8 9 1 2 3 4 5 6 7
9 4 5 3 7 8 6 1 2
6 7 8 9 1 2 3 4 5
3 1 2 6 4 5 9 7 8

Got solution: 1 2 3 4 5 6 7 8 9
4 5 6 7 8 9 1 2 3
7 8 9 1 2 3 4 5 6
2 3 4 5 6 7 8 9 1
5 6 7 8 9 1 2 3 4
8 9 1 2 3 4 5 6 7
3 4 5 9 7 8 6 1 2
6 7 8 3 1 2 9 4 5
9 1 2 6 4 5 3 7 8

Got solution: 1 2 3 4 5 6 7 8 9
4 5 6 7 8 9 1 2 3
7 8 9 1 2 3 4 5 6
2 3 4 5 6 7 8 9 1
5 6 7 8 9 1 2 3 4
8 9 1 2 3 4 5 6 7
9 4 5 3 7 8 6 1 2
6 7 8 9 1 2 3 4 5
3 1 2 6 4 5 9 7 8

Got solution: 1 2 3 4 5 6 7 8 9
4 5 6 7 8 9 1 2 3
7 8 9 1 2 3 4 5 6
2 3 4 5 6 7 8 9 1
5 6 7 8 9 1 2 3 4
8 9 1 2 3 4 5 6 7
9 4 5 3 7 8 6 1 2
6 7 8 9 1 2 3 4 5
3 1 2 6 4 5 9 7 8

Got solution: 1 2 3 4 5 6 7 8 9
4 5 6 7 8 9 1 2 3
7 8 9 1 2 3 4 5 6
2 3 4 5 6 7 8 9 1
5 6 7 8 9 1 2 3 4
8 9 1 2 3 4 5 6 7
3 4 5 9 7 8 6 1 2
6 7 8 3 1 2 9 4 5
9 1 2 6 4 5 3 7 8

Got solution: 1 2 3 4 5 6 7 8 9
4 5 6 7 8 9 1 2 3
7 8 9 1 2 3 4 5 6
2 3 4 5 6 7 8 9 1
5 6 7 8 9 1 2 3 4
8 9 1 2 3 4 5 6 7
3 4 5 9 7 8 6 1 2
6 7 8 3 1 2 9 4 5
9 1 2 6 4 5 3 7 8

Got solution: 1 2 3 4 5 6 7 8 9
4 5 6 7 8 9 1 2 3
7 8 9 1 2 3 4 5 6
2 3 4 5 6 7 8 9 1
5 6 7 8 9 1 2 3 4
8 9 1 2 3 4 5 6 7
3 4 5 9 7 8 6 1 2
6 7 8 3 1 2 9 4 5
9 1 2 6 4 5 3 7 8

Got solution: 1 2 3 4 5 6 7 8 9
4 5 6 7 8 9 1 2 3
7 8 9 1 2 3 4 5 6
2 3 4 5 6 7 8 9 1
5 6 7 8 9 1 2 3 4
8 9 1 2 3 4 5 6 7
9 4 5 3 7 8 6 1 2
6 7 8 9 1 2 3 4 5
3 1 2 6 4 5 9 7 8

Got solution: 1 2 3 4 5 6 7 8 9
4 5 6 7 8 9 1 2 3
7 8 9 1 2 3 4 5 6
2 3 4 5 6 7 8 9 1
5 6 7 8 9 1 2 3 4
8 9 1 2 3 4 5 6 7
9 4 5 3 7 8 6 1 2
6 7 8 9 1 2 3 4 5
3 1 2 6 4 5 9 7 8

Got solution: 1 2 3 4 5 6 7 8 9
4 5 6 7 8 9 1 2 3
7 8 9 1 2 3 4 5 6
2 3 4 5 6 7 8 9 1
5 6 7 8 9 1 2 3 4
8 9 1 2 3 4 5 6 7
3 4 5 9 7 8 6 1 2
6 7 8 3 1 2 9 4 5
9 1 2 6 4 5 3 7 8

Got solution: 1 2 3 4 5 6 7 8 9
4 5 6 7 8 9 1 2 3
7 8 9 1 2 3 4 5 6
2 3 4 5 6 7 8 9 1
5 6 7 8 9 1 2 3 4
8 9 1 2 3 4 5 6 7
3 4 5 9 7 8 6 1 2
6 7 8 3 1 2 9 4 5
9 1 2 6 4 5 3 7 8

Got solution: 1 2 3 4 5 6 7 8 9
4 5 6 7 8 9 1 2 3
7 8 9 1 2 3 4 5 6
2 3 4 5 6 7 8 9 1
5 6 7 8 9 1 2 3 4
8 9 1 2 3 4 5 6 7
3 4 5 9 7 8 6 1 2
6 7 8 3 1 2 9 4 5
9 1 2 6 4 5 3 7 8

Got solution: 1 2 3 4 5 6 7 8 9
4 5 6 7 8 9 1 2 3
7 8 9 1 2 3 4 5 6
2 3 4 5 6 7 8 9 1
5 6 7 8 9 1 2 3 4
8 9 1 2 3 4 5 6 7
9 4 5 3 7 8 6 1 2
6 7 8 9 1 2 3 4 5
3 1 2 6 4 5 9 7 8

Got solution: 1 2 3 4 5 6 7 8 9
4 5 6 7 8 9 1 2 3
7 8 9 1 2 3 4 5 6
2 3 4 5 6 7 8 9 1
5 6 7 8 9 1 2 3 4
8 9 1 2 3 4 5 6 7
3 4 5 9 7 8 6 1 2
6 7 8 3 1 2 9 4 5
9 1 2 6 4 5 3 7 8

Got solution: 1 2 3 4 5 6 7 8 9
4 5 6 7 8 9 1 2 3
7 8 9 1 2 3 4 5 6
2 3 4 5 6 7 8 9 1
5 6 7 8 9 1 2 3 4
8 9 1 2 3 4 5 6 7
9 4 5 3 7 8 6 1 2
6 7 8 9 1 2 3 4 5
3 1 2 6 4 5 9 7 8

Got solution: 1 2 3 4 5 6 7 8 9
4 5 6 7 8 9 1 2 3
7 8 9 1 2 3 4 5 6
2 3 4 5 6 7 8 9 1
5 6 7 8 9 1 2 3 4
8 9 1 2 3 4 5 6 7
9 4 5 3 7 8 6 1 2
6 7 8 9 1 2 3 4 5
3 1 2 6 4 5 9 7 8

Got solution: 1 2 3 4 5 6 7 8 9
4 5 6 7 8 9 1 2 3
7 8 9 1 2 3 4 5 6
2 3 4 5 6 7 8 9 1
5 6 7 8 9 1 2 3 4
8 9 1 2 3 4 5 6 7
3 4 5 9 7 8 6 1 2
6 7 8 3 1 2 9 4 5
9 1 2 6 4 5 3 7 8

Got solution: 1 2 3 4 5 6 7 8 9
4 5 6 7 8 9 1 2 3
7 8 9 1 2 3 4 5 6
2 3 4 5 6 7 8 9 1
5 6 7 8 9 1 2 3 4
8 9 1 2 3 4 5 6 7
3 4 5 6 7 8 9 1 2
6 7 8 9 1 2 3 4 5
9 1 2 3 4 5 6 7 8

Got solution: 1 2 3 4 5 6 7 8 9
4 5 6 7 8 9 1 2 3
7 8 9 1 2 3 4 5 6
2 3 4 5 6 7 8 9 1
5 6 7 8 9 1 2 3 4
8 9 1 2 3 4 5 6 7
9 4 5 6 7 8 3 1 2
6 7 8 3 1 2 9 4 5
3 1 2 9 4 5 6 7 8

Got solution: 1 2 3 4 5 6 7 8 9
4 5 6 7 8 9 1 2 3
7 8 9 1 2 3 4 5 6
2 3 4 5 6 7 8 9 1
5 6 7 8 9 1 2 3 4
8 9 1 2 3 4 5 6 7
3 4 5 6 7 8 9 1 2
6 7 8 9 1 2 3 4 5
9 1 2 3 4 5 6 7 8

Got solution: 1 2 3 4 5 6 7 8 9
4 5 6 7 8 9 1 2 3
7 8 9 1 2 3 4 5 6
2 3 4 5 6 7 8 9 1
5 6 7 8 9 1 2 3 4
8 9 1 2 3 4 5 6 7
9 4 5 3 7 8 6 1 2
6 7 8 9 1 2 3 4 5
3 1 2 6 4 5 9 7 8

Got solution: 1 2 3 4 5 6 7 8 9
4 5 6 7 8 9 1 2 3
7 8 9 1 2 3 4 5 6
2 3 4 5 6 7 8 9 1
5 6 7 8 9 1 2 3 4
8 9 1 2 3 4 5 6 7
9 4 5 3 7 8 6 1 2
6 7 8 9 1 2 3 4 5
3 1 2 6 4 5 9 7 8

Got solution: 1 2 3 4 5 6 7 8 9
4 5 6 7 8 9 1 2 3
7 8 9 1 2 3 4 5 6
2 3 4 5 6 7 8 9 1
5 6 7 8 9 1 2 3 4
8 9 1 2 3 4 5 6 7
3 4 5 6 7 8 9 1 2
6 7 8 9 1 2 3 4 5
9 1 2 3 4 5 6 7 8

Got solution: 1 2 3 4 5 6 7 8 9
4 5 6 7 8 9 1 2 3
7 8 9 1 2 3 4 5 6
2 3 4 5 6 7 8 9 1
5 6 7 8 9 1 2 3 4
8 9 1 2 3 4 5 6 7
3 4 5 6 7 8 9 1 2
6 7 8 9 1 2 3 4 5
9 1 2 3 4 5 6 7 8

Got solution: 1 2 3 4 5 6 7 8 9
4 5 6 7 8 9 1 2 3
7 8 9 1 2 3 4 5 6
2 3 4 5 6 7 8 9 1
5 6 7 8 9 1 2 3 4
8 9 1 2 3 4 5 6 7
9 4 5 6 7 8 3 1 2
6 7 8 3 1 2 9 4 5
3 1 2 9 4 5 6 7 8

Got solution: 1 2 3 4 5 6 7 8 9
4 5 6 7 8 9 1 2 3
7 8 9 1 2 3 4 5 6
2 3 4 5 6 7 8 9 1
5 6 7 8 9 1 2 3 4
8 9 1 2 3 4 5 6 7
3 4 5 6 7 8 9 1 2
6 7 8 9 1 2 3 4 5
9 1 2 3 4 5 6 7 8

Got solution: 1 2 3 4 5 6 7 8 9
4 5 6 7 8 9 1 2 3
7 8 9 1 2 3 4 5 6
2 3 4 5 6 7 8 9 1
5 6 7 8 9 1 2 3 4
8 9 1 2 3 4 5 6 7
9 4 5 6 7 8 3 1 2
6 7 8 3 1 2 9 4 5
3 1 2 9 4 5 6 7 8

Got solution: 1 2 3 4 5 6 7 8 9
4 5 6 7 8 9 1 2 3
7 8 9 1 2 3 4 5 6
2 3 4 5 6 7 8 9 1
5 6 7 8 9 1 2 3 4
8 9 1 2 3 4 5 6 7
3 4 5 6 7 8 9 1 2
6 7 8 9 1 2 3 4 5
9 1 2 3 4 5 6 7 8

Got solution: 1 2 3 4 5 6 7 8 9
4 5 6 7 8 9 1 2 3
7 8 9 1 2 3 4 5 6
2 3 4 5 6 7 8 9 1
5 6 7 8 9 1 2 3 4
8 9 1 2 3 4 5 6 7
9 4 5 3 7 8 6 1 2
6 7 8 9 1 2 3 4 5
3 1 2 6 4 5 9 7 8

Got solution: 1 2 3 4 5 6 7 8 9
4 5 6 7 8 9 1 2 3
7 8 9 1 2 3 4 5 6
2 3 4 5 6 7 8 9 1
5 6 7 8 9 1 2 3 4
8 9 1 2 3 4 5 6 7
9 4 5 3 7 8 6 1 2
6 7 8 9 1 2 3 4 5
3 1 2 6 4 5 9 7 8

Got solution: 1 2 3 4 5 6 7 8 9
4 5 6 7 8 9 1 2 3
7 8 9 1 2 3 4 5 6
2 3 4 5 6 7 8 9 1
5 6 7 8 9 1 2 3 4
8 9 1 2 3 4 5 6 7
3 4 5 6 7 8 9 1 2
6 7 8 9 1 2 3 4 5
9 1 2 3 4 5 6 7 8

Got solution: 1 2 3 4 5 6 7 8 9
4 5 6 7 8 9 1 2 3
7 8 9 1 2 3 4 5 6
2 3 4 5 6 7 8 9 1
5 6 7 8 9 1 2 3 4
8 9 1 2 3 4 5 6 7
3 4 5 6 7 8 9 1 2
6 7 8 9 1 2 3 4 5
9 1 2 3 4 5 6 7 8

Got solution: 1 2 3 4 5 6 7 8 9
4 5 6 7 8 9 1 2 3
7 8 9 1 2 3 4 5 6
2 3 4 5 6 7 8 9 1
5 6 7 8 9 1 2 3 4
8 9 1 2 3 4 5 6 7
3 4 5 6 7 8 9 1 2
6 7 8 9 1 2 3 4 5
9 1 2 3 4 5 6 7 8

Got solution: 1 2 3 4 5 6 7 8 9
4 5 6 7 8 9 1 2 3
7 8 9 1 2 3 4 5 6
2 3 4 5 6 7 8 9 1
5 6 7 8 9 1 2 3 4
8 9 1 2 3 4 5 6 7
9 4 5 6 7 8 3 1 2
6 7 8 3 1 2 9 4 5
3 1 2 9 4 5 6 7 8

Got solution: 1 2 3 4 5 6 7 8 9
4 5 6 7 8 9 1 2 3
7 8 9 1 2 3 4 5 6
2 3 4 5 6 7 8 9 1
5 6 7 8 9 1 2 3 4
8 9 1 2 3 4 5 6 7
9 4 5 6 7 8 3 1 2
6 7 8 3 1 2 9 4 5
3 1 2 9 4 5 6 7 8

Got solution: 1 2 3 4 5 6 7 8 9
4 5 6 7 8 9 1 2 3
7 8 9 1 2 3 4 5 6
2 3 4 5 6 7 8 9 1
5 6 7 8 9 1 2 3 4
8 9 1 2 3 4 5 6 7
9 4 5 3 7 8 6 1 2
6 7 8 9 1 2 3 4 5
3 1 2 6 4 5 9 7 8

Got solution: 1 2 3 4 5 6 7 8 9
4 5 6 7 8 9 1 2 3
7 8 9 1 2 3 4 5 6
2 3 4 5 6 7 8 9 1
5 6 7 8 9 1 2 3 4
8 9 1 2 3 4 5 6 7
3 4 5 6 7 8 9 1 2
6 7 8 9 1 2 3 4 5
9 1 2 3 4 5 6 7 8

Got solution: 1 2 3 4 5 6 7 8 9
4 5 6 7 8 9 1 2 3
7 8 9 1 2 3 4 5 6
2 3 4 5 6 7 8 9 1
5 6 7 8 9 1 2 3 4
8 9 1 2 3 4 5 6 7
3 4 5 6 7 8 9 1 2
6 7 8 9 1 2 3 4 5
9 1 2 3 4 5 6 7 8

Got solution: 1 2 3 4 5 6 7 8 9
4 5 6 7 8 9 1 2 3
7 8 9 1 2 3 4 5 6
2 3 4 5 6 7 8 9 1
5 6 7 8 9 1 2 3 4
8 9 1 2 3 4 5 6 7
9 4 5 6 7 8 3 1 2
6 7 8 3 1 2 9 4 5
3 1 2 9 4 5 6 7 8

Got solution: 1 2 3 4 5 6 7 8 9
4 5 6 7 8 9 1 2 3
7 8 9 1 2 3 4 5 6
2 3 4 5 6 7 8 9 1
5 6 7 8 9 1 2 3 4
8 9 1 2 3 4 5 6 7
3 4 5 6 7 8 9 1 2
6 7 8 9 1 2 3 4 5
9 1 2 3 4 5 6 7 8

Got solution: 1 2 3 4 5 6 7 8 9
4 5 6 7 8 9 1 2 3
7 8 9 1 2 3 4 5 6
2 3 4 5 6 7 8 9 1
5 6 7 8 9 1 2 3 4
8 9 1 2 3 4 5 6 7
9 4 5 3 7 8 6 1 2
6 7 8 9 1 2 3 4 5
3 1 2 6 4 5 9 7 8

